[2025-07-13 19:25:55] [Smart Garden] Welcome to the Smart Garden System!
[2025-07-13 19:25:56] [Smart Garden] Loading configuration...
[2025-07-13 19:25:56] Configuration {
  sensors=[temperature → temperature, pH → pH, light → light, soilMoisture → soilMoisture],
  actuators=[fertilizer, irrigation, grow_light, fan, heater]
}
[2025-07-13 19:25:57] [MQTT Handler] Subscribed to topic: soilMoisture
[2025-07-13 19:25:57] [MQTT Handler] Subscribed to topic: light
[2025-07-13 19:25:57] [MQTT Handler] Subscribed to topic: temperature
[2025-07-13 19:25:57] [MQTT Handler] Subscribed to topic: pH
[2025-07-13 19:25:57] [CoAP Controller] CoAP server started on port 5683
[2025-07-13 19:25:57] [Smart Garden] Waiting 5 seconds for CoAP device registration...
[2025-07-13 19:26:00] [MQTT Handler] Inserted 48.5 for sensor: light
[2025-07-13 19:26:02] [Smart Garden] Available commands:
[2025-07-13 19:26:02] [Smart Garden] - :get status
[2025-07-13 19:26:02] [Smart Garden] - :trigger irrigation
[2025-07-13 19:26:02] [Smart Garden] - :trigger grow_light
[2025-07-13 19:26:02] [Smart Garden] - :trigger fertilizer
[2025-07-13 19:26:02] [Smart Garden] - :trigger fan
[2025-07-13 19:26:02] [Smart Garden] - :trigger heater
[2025-07-13 19:26:02] [Smart Garden] - :get configuration
[2025-07-13 19:26:02] [Smart Garden] - :help
[2025-07-13 19:26:02] [Smart Garden] - :quit
[2025-07-13 19:26:02] > 
[2025-07-13 19:26:05] [CoAP Controller] Registration received from fd00:0:0:0:f6ce:369c:1f14:2edf: {"device":"coapDevice","resources":["actuators/fertilizer","actuators/irrigation","actuators/grow_light","cc/fan","cc/heater"]}
[2025-07-13 19:26:05] [CoAP Controller] Registered actuator: fertilizer at coap://[fd00:0:0:0:f6ce:369c:1f14:2edf]:5683/actuators/fertilizer
[2025-07-13 19:26:05] [CoAP Controller] Registered actuator: irrigation at coap://[fd00:0:0:0:f6ce:369c:1f14:2edf]:5683/actuators/irrigation
[2025-07-13 19:26:05] [CoAP Controller] Registered actuator: grow_light at coap://[fd00:0:0:0:f6ce:369c:1f14:2edf]:5683/actuators/grow_light
[2025-07-13 19:26:05] [CoAP Controller] Registered actuator: fan at coap://[fd00:0:0:0:f6ce:369c:1f14:2edf]:5683/cc/fan
[2025-07-13 19:26:05] [CoAP Controller] Registered actuator: heater at coap://[fd00:0:0:0:f6ce:369c:1f14:2edf]:5683/cc/heater
[2025-07-13 19:26:08] [MQTT Handler] Inserted 38.8 for sensor: soilMoisture
[2025-07-13 19:26:12] [Control Logic] Light too low: 48.5
[2025-07-13 19:26:12] [MQTT Handler] Published command to grow_light: on
[2025-07-13 19:26:12] [CoAP Controller] Command sent to grow_light: on
[2025-07-13 19:26:16] [MQTT Handler] Inserted 25.2 for sensor: temperature
[2025-07-13 19:26:22] [MQTT Handler] Published command to heater: off
[2025-07-13 19:26:22] [MQTT Handler] Published command to fan: off
[2025-07-13 19:26:22] [CoAP Controller] Command sent to heater: off
[2025-07-13 19:26:22] [CoAP Controller] Command sent to fan: off
[2025-07-13 19:26:22] [Control Logic] Light too low: 48.5
[2025-07-13 19:26:22] [MQTT Handler] Published command to grow_light: on
[2025-07-13 19:26:22] [CoAP Controller] Command sent to grow_light: on
[2025-07-13 19:26:24] [MQTT Handler] Inserted 6.77 for sensor: pH
[2025-07-13 19:26:32] [MQTT Handler] Inserted 48.0 for sensor: light
[2025-07-13 19:26:32] [MQTT Handler] Published command to heater: off
[2025-07-13 19:26:32] [MQTT Handler] Published command to fan: off
[2025-07-13 19:26:32] [CoAP Controller] Command sent to heater: off
[2025-07-13 19:26:32] [CoAP Controller] Command sent to fan: off
[2025-07-13 19:26:32] [MQTT Handler] Published command to fertilizer: off
[2025-07-13 19:26:33] [CoAP Controller] Command sent to fertilizer: off
[2025-07-13 19:26:33] [Control Logic] Light too low: 48.0
[2025-07-13 19:26:33] [MQTT Handler] Published command to grow_light: on
[2025-07-13 19:26:33] [CoAP Controller] Command sent to grow_light: on
[2025-07-13 19:26:39] [Smart Garden] Executing command: :help
[2025-07-13 19:26:39] [Smart Garden] Available commands:
[2025-07-13 19:26:39] [Smart Garden] - :get status
[2025-07-13 19:26:39] [Smart Garden] - :trigger irrigation
[2025-07-13 19:26:39] [Smart Garden] - :trigger grow_light
[2025-07-13 19:26:39] [Smart Garden] - :trigger fertilizer
[2025-07-13 19:26:39] [Smart Garden] - :trigger fan
[2025-07-13 19:26:39] [Smart Garden] - :trigger heater
[2025-07-13 19:26:39] [Smart Garden] - :get configuration
[2025-07-13 19:26:39] [Smart Garden] - :help
[2025-07-13 19:26:39] [Smart Garden] - :quit
[2025-07-13 19:26:39] > 
[2025-07-13 19:26:40] [MQTT Handler] Inserted 38.4 for sensor: soilMoisture
[2025-07-13 19:26:43] [MQTT Handler] Published command to heater: off
[2025-07-13 19:26:43] [MQTT Handler] Published command to fan: off
[2025-07-13 19:26:43] [CoAP Controller] Command sent to heater: off
[2025-07-13 19:26:43] [CoAP Controller] Command sent to fan: off
[2025-07-13 19:26:43] [MQTT Handler] Published command to fertilizer: off
[2025-07-13 19:26:44] [CoAP Controller] Command sent to fertilizer: off
[2025-07-13 19:26:44] [Control Logic] Light too low: 48.0
[2025-07-13 19:26:44] [MQTT Handler] Published command to grow_light: on
[2025-07-13 19:26:44] [CoAP Controller] Command sent to grow_light: on
[2025-07-13 19:26:44] [Smart Garden] Executing command: :get status
[2025-07-13 19:26:44] [Smart Garden] Current sensor readings:
[2025-07-13 19:26:44] soilMoisture - Latest value: 38,40
[2025-07-13 19:26:44] light - Latest value: 48,00
[2025-07-13 19:26:44] temperature - Latest value: 25,20
[2025-07-13 19:26:44] pH - Latest value: 6,77
[2025-07-13 19:26:44] > 
[2025-07-13 19:26:48] [MQTT Handler] Inserted 25.3 for sensor: temperature
[2025-07-13 19:26:54] [MQTT Handler] Published command to heater: off
[2025-07-13 19:26:54] [MQTT Handler] Published command to fan: off
[2025-07-13 19:26:54] [CoAP Controller] Command sent to heater: off
[2025-07-13 19:26:54] [CoAP Controller] Command sent to fan: off
[2025-07-13 19:26:54] [MQTT Handler] Published command to fertilizer: off
[2025-07-13 19:26:54] [CoAP Controller] Command sent to fertilizer: off
[2025-07-13 19:26:54] [Control Logic] Light too low: 48.0
[2025-07-13 19:26:54] [MQTT Handler] Published command to grow_light: on
[2025-07-13 19:26:54] [CoAP Controller] Command sent to grow_light: on
[2025-07-13 19:26:56] [MQTT Handler] Inserted 6.77 for sensor: pH
[2025-07-13 19:27:04] [MQTT Handler] Inserted 47.5 for sensor: light
[2025-07-13 19:27:04] [MQTT Handler] Published command to heater: off
[2025-07-13 19:27:04] [MQTT Handler] Published command to fan: off
[2025-07-13 19:27:05] [CoAP Controller] Command sent to heater: off
[2025-07-13 19:27:05] [CoAP Controller] Command sent to fan: off
[2025-07-13 19:27:05] [MQTT Handler] Published command to fertilizer: off
[2025-07-13 19:27:05] [CoAP Controller] Command sent to fertilizer: off
[2025-07-13 19:27:05] [Control Logic] Light too low: 47.5
[2025-07-13 19:27:05] [MQTT Handler] Published command to grow_light: on
[2025-07-13 19:27:05] [CoAP Controller] Command sent to grow_light: on
[2025-07-13 19:27:13] [MQTT Handler] Inserted 38.0 for sensor: soilMoisture
[2025-07-13 19:27:15] [MQTT Handler] Published command to heater: off
[2025-07-13 19:27:15] [MQTT Handler] Published command to fan: off
[2025-07-13 19:27:18] [CoAP Controller] Command sent to heater: off
[2025-07-13 19:27:19] [CoAP Controller] Command sent to fan: off
[2025-07-13 19:27:19] [MQTT Handler] Published command to fertilizer: off
[2025-07-13 19:27:19] [CoAP Controller] Command sent to fertilizer: off
[2025-07-13 19:27:19] [Control Logic] Light too low: 47.5
[2025-07-13 19:27:19] [MQTT Handler] Published command to grow_light: on
[2025-07-13 19:27:19] [CoAP Controller] Command sent to grow_light: on
[2025-07-13 19:27:20] [MQTT Handler] Inserted 25.3 for sensor: temperature
[2025-07-13 19:27:28] [MQTT Handler] Inserted 6.76 for sensor: pH
[2025-07-13 19:27:29] [MQTT Handler] Published command to heater: off
[2025-07-13 19:27:29] [MQTT Handler] Published command to fan: off
[2025-07-13 19:27:29] [CoAP Controller] Command sent to heater: off
[2025-07-13 19:27:29] [CoAP Controller] Command sent to fan: off
[2025-07-13 19:27:29] [MQTT Handler] Published command to fertilizer: off
[2025-07-13 19:27:29] [CoAP Controller] Command sent to fertilizer: off
[2025-07-13 19:27:29] [Control Logic] Light too low: 47.5
[2025-07-13 19:27:29] [MQTT Handler] Published command to grow_light: on
[2025-07-13 19:27:30] [CoAP Controller] Command sent to grow_light: on
[2025-07-13 19:27:36] [MQTT Handler] Inserted 47.0 for sensor: light
[2025-07-13 19:27:40] [MQTT Handler] Published command to heater: off
[2025-07-13 19:27:40] [MQTT Handler] Published command to fan: off
[2025-07-13 19:27:40] [CoAP Controller] Command sent to heater: off
[2025-07-13 19:27:40] [CoAP Controller] Command sent to fan: off
[2025-07-13 19:27:40] [MQTT Handler] Published command to fertilizer: off
[2025-07-13 19:27:40] [CoAP Controller] Command sent to fertilizer: off
[2025-07-13 19:27:40] [Control Logic] Light too low: 47.0
[2025-07-13 19:27:40] [MQTT Handler] Published command to grow_light: on
[2025-07-13 19:27:40] [CoAP Controller] Command sent to grow_light: on
[2025-07-13 19:27:44] [MQTT Handler] Inserted 37.6 for sensor: soilMoisture
[2025-07-13 19:27:50] [MQTT Handler] Published command to heater: off
[2025-07-13 19:27:50] [MQTT Handler] Published command to fan: off
[2025-07-13 19:27:50] [CoAP Controller] Command sent to heater: off
[2025-07-13 19:27:51] [CoAP Controller] Command sent to fan: off
[2025-07-13 19:27:51] [MQTT Handler] Published command to fertilizer: off
[2025-07-13 19:27:51] [CoAP Controller] Command sent to fertilizer: off
[2025-07-13 19:27:51] [Control Logic] Light too low: 47.0
[2025-07-13 19:27:51] [MQTT Handler] Published command to grow_light: on
[2025-07-13 19:27:51] [CoAP Controller] Command sent to grow_light: on
[2025-07-13 19:27:52] [MQTT Handler] Inserted 25.2 for sensor: temperature
[2025-07-13 19:27:52] [Smart Garden] Executing command: :help
[2025-07-13 19:27:52] [Smart Garden] Available commands:
[2025-07-13 19:27:52] [Smart Garden] - :get status
[2025-07-13 19:27:52] [Smart Garden] - :trigger irrigation
[2025-07-13 19:27:52] [Smart Garden] - :trigger grow_light
[2025-07-13 19:27:52] [Smart Garden] - :trigger fertilizer
[2025-07-13 19:27:52] [Smart Garden] - :trigger fan
[2025-07-13 19:27:52] [Smart Garden] - :trigger heater
[2025-07-13 19:27:52] [Smart Garden] - :get configuration
[2025-07-13 19:27:52] [Smart Garden] - :help
[2025-07-13 19:27:52] [Smart Garden] - :quit
[2025-07-13 19:27:52] > 
[2025-07-13 19:28:00] [MQTT Handler] Inserted 6.75 for sensor: pH
[2025-07-13 19:28:01] [MQTT Handler] Published command to heater: off
[2025-07-13 19:28:01] [MQTT Handler] Published command to fan: off
[2025-07-13 19:28:01] [CoAP Controller] Command sent to heater: off
[2025-07-13 19:28:01] [CoAP Controller] Command sent to fan: off
[2025-07-13 19:28:01] [MQTT Handler] Published command to fertilizer: off
[2025-07-13 19:28:01] [CoAP Controller] Command sent to fertilizer: off
[2025-07-13 19:28:01] [Control Logic] Light too low: 47.0
[2025-07-13 19:28:01] [MQTT Handler] Published command to grow_light: on
[2025-07-13 19:28:01] [CoAP Controller] Command sent to grow_light: on
[2025-07-13 19:28:02] [Smart Garden] Invalid command. Type ':help' to see the list of available commands.
[2025-07-13 19:28:02] > 
[2025-07-13 19:28:08] [MQTT Handler] Inserted 46.5 for sensor: light
[2025-07-13 19:28:11] [MQTT Handler] Published command to heater: off
[2025-07-13 19:28:11] [MQTT Handler] Published command to fan: off
[2025-07-13 19:28:11] [CoAP Controller] Command sent to heater: off
[2025-07-13 19:28:11] [CoAP Controller] Command sent to fan: off
[2025-07-13 19:28:11] [MQTT Handler] Published command to fertilizer: off
[2025-07-13 19:28:12] [CoAP Controller] Command sent to fertilizer: off
[2025-07-13 19:28:12] [Control Logic] Light too low: 46.5
[2025-07-13 19:28:12] [MQTT Handler] Published command to grow_light: on
[2025-07-13 19:28:12] [CoAP Controller] Command sent to grow_light: on
[2025-07-13 19:28:13] [Smart Garden] Executing command: :trigger irrigation
[2025-07-13 19:28:13] [CoAP Controller] PUT to irrigation: 4.00 - 
[2025-07-13 19:28:13] > 
[2025-07-13 19:28:16] [MQTT Handler] Inserted 37.2 for sensor: soilMoisture
[2025-07-13 19:28:22] [MQTT Handler] Published command to heater: off
[2025-07-13 19:28:22] [MQTT Handler] Published command to fan: off
[2025-07-13 19:28:22] [CoAP Controller] Command sent to heater: off
[2025-07-13 19:28:22] [CoAP Controller] Command sent to fan: off
[2025-07-13 19:28:22] [MQTT Handler] Published command to fertilizer: off
[2025-07-13 19:28:22] [CoAP Controller] Command sent to fertilizer: off
[2025-07-13 19:28:22] [Control Logic] Light too low: 46.5
[2025-07-13 19:28:22] [MQTT Handler] Published command to grow_light: on
[2025-07-13 19:28:22] [CoAP Controller] Command sent to grow_light: on
[2025-07-13 19:28:24] [MQTT Handler] Inserted 25.1 for sensor: temperature
[2025-07-13 19:28:32] [MQTT Handler] Published command to heater: off
[2025-07-13 19:28:32] [MQTT Handler] Published command to fan: off
[2025-07-13 19:28:32] [CoAP Controller] Command sent to heater: off
[2025-07-13 19:28:32] [CoAP Controller] Command sent to fan: off
[2025-07-13 19:28:32] [MQTT Handler] Published command to fertilizer: off
[2025-07-13 19:28:32] [CoAP Controller] Command sent to fertilizer: off
[2025-07-13 19:28:32] [Control Logic] Light too low: 46.5
[2025-07-13 19:28:32] [MQTT Handler] Published command to grow_light: on
[2025-07-13 19:28:32] [CoAP Controller] Command sent to grow_light: on
[2025-07-13 19:28:32] [MQTT Handler] Inserted 6.74 for sensor: pH
[2025-07-13 19:28:40] [MQTT Handler] Inserted 46.0 for sensor: light
[2025-07-13 19:28:42] [MQTT Handler] Published command to heater: off
[2025-07-13 19:28:42] [MQTT Handler] Published command to fan: off
[2025-07-13 19:28:42] [CoAP Controller] Command sent to heater: off
[2025-07-13 19:28:42] [CoAP Controller] Command sent to fan: off
[2025-07-13 19:28:43] [MQTT Handler] Published command to fertilizer: off
[2025-07-13 19:28:43] [CoAP Controller] Command sent to fertilizer: off
[2025-07-13 19:28:43] [Control Logic] Light too low: 46.0
[2025-07-13 19:28:43] [MQTT Handler] Published command to grow_light: on
[2025-07-13 19:28:43] [CoAP Controller] Command sent to grow_light: on
[2025-07-13 19:28:48] [Smart Garden] Executing command: :get status
[2025-07-13 19:28:48] [Smart Garden] Current sensor readings:
[2025-07-13 19:28:48] soilMoisture - Latest value: 37,20
[2025-07-13 19:28:48] light - Latest value: 46,00
[2025-07-13 19:28:48] temperature - Latest value: 25,10
[2025-07-13 19:28:48] pH - Latest value: 6,74
[2025-07-13 19:28:48] > 
[2025-07-13 19:28:49] [MQTT Handler] Inserted 36.8 for sensor: soilMoisture
[2025-07-13 19:28:53] [MQTT Handler] Published command to heater: off
[2025-07-13 19:28:53] [MQTT Handler] Published command to fan: off
[2025-07-13 19:28:53] [CoAP Controller] Command sent to heater: off
[2025-07-13 19:28:53] [CoAP Controller] Command sent to fan: off
[2025-07-13 19:28:53] [MQTT Handler] Published command to fertilizer: off
[2025-07-13 19:28:53] [CoAP Controller] Command sent to fertilizer: off
[2025-07-13 19:28:53] [Control Logic] Light too low: 46.0
[2025-07-13 19:28:53] [MQTT Handler] Published command to grow_light: on
[2025-07-13 19:28:53] [CoAP Controller] Command sent to grow_light: on
[2025-07-13 19:28:57] [MQTT Handler] Inserted 25.1 for sensor: temperature
[2025-07-13 19:29:03] [MQTT Handler] Published command to heater: off
[2025-07-13 19:29:03] [MQTT Handler] Published command to fan: off
[2025-07-13 19:29:03] [CoAP Controller] Command sent to heater: off
[2025-07-13 19:29:03] [CoAP Controller] Command sent to fan: off
[2025-07-13 19:29:04] [MQTT Handler] Published command to fertilizer: off
[2025-07-13 19:29:04] [CoAP Controller] Command sent to fertilizer: off
[2025-07-13 19:29:04] [Control Logic] Light too low: 46.0
[2025-07-13 19:29:04] [MQTT Handler] Published command to grow_light: on
[2025-07-13 19:29:04] [CoAP Controller] Command sent to grow_light: on
[2025-07-13 19:29:04] [MQTT Handler] Inserted 6.75 for sensor: pH
[2025-07-13 19:29:12] [MQTT Handler] Inserted 45.5 for sensor: light
[2025-07-13 19:29:14] [MQTT Handler] Published command to heater: off
[2025-07-13 19:29:14] [MQTT Handler] Published command to fan: off
[2025-07-13 19:29:14] [CoAP Controller] Command sent to heater: off
[2025-07-13 19:29:14] [CoAP Controller] Command sent to fan: off
[2025-07-13 19:29:14] [MQTT Handler] Published command to fertilizer: off
[2025-07-13 19:29:14] [CoAP Controller] Command sent to fertilizer: off
[2025-07-13 19:29:14] [Control Logic] Light too low: 45.5
[2025-07-13 19:29:14] [MQTT Handler] Published command to grow_light: on
[2025-07-13 19:29:14] [CoAP Controller] Command sent to grow_light: on
[2025-07-13 19:29:21] [MQTT Handler] Inserted 36.4 for sensor: soilMoisture
[2025-07-13 19:29:24] [MQTT Handler] Published command to heater: off
[2025-07-13 19:29:24] [MQTT Handler] Published command to fan: off
[2025-07-13 19:29:24] [CoAP Controller] Command sent to heater: off
[2025-07-13 19:29:24] [CoAP Controller] Command sent to fan: off
[2025-07-13 19:29:24] [MQTT Handler] Published command to fertilizer: off
[2025-07-13 19:29:25] [CoAP Controller] Command sent to fertilizer: off
[2025-07-13 19:29:25] [Control Logic] Light too low: 45.5
[2025-07-13 19:29:25] [MQTT Handler] Published command to grow_light: on
[2025-07-13 19:29:25] [CoAP Controller] Command sent to grow_light: on
[2025-07-13 19:29:29] [MQTT Handler] Inserted 25.0 for sensor: temperature
[2025-07-13 19:29:35] [MQTT Handler] Published command to heater: off
[2025-07-13 19:29:35] [MQTT Handler] Published command to fan: off
[2025-07-13 19:29:35] [CoAP Controller] Command sent to heater: off
[2025-07-13 19:29:35] [CoAP Controller] Command sent to fan: off
[2025-07-13 19:29:35] [MQTT Handler] Published command to fertilizer: off
[2025-07-13 19:29:35] [CoAP Controller] Command sent to fertilizer: off
[2025-07-13 19:29:35] [Control Logic] Light too low: 45.5
[2025-07-13 19:29:35] [MQTT Handler] Published command to grow_light: on
[2025-07-13 19:29:35] [CoAP Controller] Command sent to grow_light: on
[2025-07-13 19:29:37] [MQTT Handler] Inserted 6.74 for sensor: pH
[2025-07-13 19:29:39] [Smart Garden] Executing command: :trigger grow_light
[2025-07-13 19:29:40] [CoAP Controller] PUT to grow_light: 4.00 - 
[2025-07-13 19:29:40] > 
[2025-07-13 19:29:44] [MQTT Handler] Inserted 45.0 for sensor: light
[2025-07-13 19:29:45] [MQTT Handler] Published command to heater: off
[2025-07-13 19:29:45] [MQTT Handler] Published command to fan: off
[2025-07-13 19:29:45] [CoAP Controller] Command sent to heater: off
[2025-07-13 19:29:45] [CoAP Controller] Command sent to fan: off
[2025-07-13 19:29:45] [MQTT Handler] Published command to fertilizer: off
[2025-07-13 19:29:45] [CoAP Controller] Command sent to fertilizer: off
[2025-07-13 19:29:45] [Control Logic] Light too low: 45.0
[2025-07-13 19:29:45] [MQTT Handler] Published command to grow_light: on
[2025-07-13 19:29:45] [CoAP Controller] Command sent to grow_light: on
[2025-07-13 19:29:53] [MQTT Handler] Inserted 36.0 for sensor: soilMoisture
[2025-07-13 19:29:55] [MQTT Handler] Published command to heater: off
[2025-07-13 19:29:55] [MQTT Handler] Published command to fan: off
[2025-07-13 19:29:55] [CoAP Controller] Command sent to heater: off
[2025-07-13 19:29:56] [CoAP Controller] Command sent to fan: off
[2025-07-13 19:29:56] [MQTT Handler] Published command to fertilizer: off
[2025-07-13 19:29:56] [CoAP Controller] Command sent to fertilizer: off
[2025-07-13 19:29:56] [Control Logic] Light too low: 45.0
[2025-07-13 19:29:56] [MQTT Handler] Published command to grow_light: on
[2025-07-13 19:29:56] [CoAP Controller] Command sent to grow_light: on
[2025-07-13 19:30:01] [MQTT Handler] Inserted 25.0 for sensor: temperature
[2025-07-13 19:30:06] [MQTT Handler] Published command to heater: off
[2025-07-13 19:30:06] [MQTT Handler] Published command to fan: off
[2025-07-13 19:30:06] [CoAP Controller] Command sent to heater: off
[2025-07-13 19:30:06] [CoAP Controller] Command sent to fan: off
[2025-07-13 19:30:06] [MQTT Handler] Published command to fertilizer: off
[2025-07-13 19:30:06] [CoAP Controller] Command sent to fertilizer: off
[2025-07-13 19:30:06] [Control Logic] Light too low: 45.0
[2025-07-13 19:30:06] [MQTT Handler] Published command to grow_light: on
[2025-07-13 19:30:06] [CoAP Controller] Command sent to grow_light: on
[2025-07-13 19:30:09] [MQTT Handler] Inserted 6.74 for sensor: pH
[2025-07-13 19:30:17] [MQTT Handler] Published command to heater: off
[2025-07-13 19:30:17] [MQTT Handler] Published command to fan: off
[2025-07-13 19:30:17] [MQTT Handler] Inserted 44.5 for sensor: light
[2025-07-13 19:30:17] [CoAP Controller] Command sent to heater: off
[2025-07-13 19:30:17] [CoAP Controller] Command sent to fan: off
[2025-07-13 19:30:17] [MQTT Handler] Published command to fertilizer: off
[2025-07-13 19:30:17] [CoAP Controller] Command sent to fertilizer: off
[2025-07-13 19:30:17] [Control Logic] Light too low: 44.5
[2025-07-13 19:30:17] [MQTT Handler] Published command to grow_light: on
[2025-07-13 19:30:17] [CoAP Controller] Command sent to grow_light: on
[2025-07-13 19:30:25] [MQTT Handler] Inserted 35.6 for sensor: soilMoisture
[2025-07-13 19:30:28] [MQTT Handler] Published command to heater: off
[2025-07-13 19:30:28] [MQTT Handler] Published command to fan: off
[2025-07-13 19:30:28] [CoAP Controller] Command sent to heater: off
[2025-07-13 19:30:28] [CoAP Controller] Command sent to fan: off
[2025-07-13 19:30:28] [MQTT Handler] Published command to fertilizer: off
[2025-07-13 19:30:28] [CoAP Controller] Command sent to fertilizer: off
[2025-07-13 19:30:28] [Control Logic] Light too low: 44.5
[2025-07-13 19:30:28] [MQTT Handler] Published command to grow_light: on
[2025-07-13 19:30:28] [CoAP Controller] Command sent to grow_light: on
[2025-07-13 19:30:33] [MQTT Handler] Inserted 25.1 for sensor: temperature
[2025-07-13 19:30:38] [MQTT Handler] Published command to heater: off
[2025-07-13 19:30:38] [MQTT Handler] Published command to fan: off
[2025-07-13 19:30:38] [CoAP Controller] Command sent to heater: off
[2025-07-13 19:30:38] [CoAP Controller] Command sent to fan: off
[2025-07-13 19:30:38] [MQTT Handler] Published command to fertilizer: off
[2025-07-13 19:30:39] [CoAP Controller] Command sent to fertilizer: off
[2025-07-13 19:30:39] [Control Logic] Light too low: 44.5
[2025-07-13 19:30:39] [MQTT Handler] Published command to grow_light: on
[2025-07-13 19:30:39] [CoAP Controller] Command sent to grow_light: on
[2025-07-13 19:30:41] [MQTT Handler] Inserted 6.73 for sensor: pH
[2025-07-13 19:30:49] [MQTT Handler] Published command to heater: off
[2025-07-13 19:30:49] [MQTT Handler] Published command to fan: off
[2025-07-13 19:30:49] [MQTT Handler] Inserted 44.0 for sensor: light
[2025-07-13 19:30:49] [CoAP Controller] Command sent to heater: off
[2025-07-13 19:30:49] [CoAP Controller] Command sent to fan: off
[2025-07-13 19:30:49] [MQTT Handler] Published command to fertilizer: off
[2025-07-13 19:30:49] [CoAP Controller] Command sent to fertilizer: off
[2025-07-13 19:30:49] [Control Logic] Light too low: 44.0
[2025-07-13 19:30:49] [MQTT Handler] Published command to grow_light: on
[2025-07-13 19:30:49] [CoAP Controller] Command sent to grow_light: on
[2025-07-13 19:30:57] [MQTT Handler] Inserted 35.2 for sensor: soilMoisture
[2025-07-13 19:30:59] [MQTT Handler] Published command to heater: off
[2025-07-13 19:30:59] [MQTT Handler] Published command to fan: off
[2025-07-13 19:30:59] [CoAP Controller] Command sent to heater: off
[2025-07-13 19:30:59] [CoAP Controller] Command sent to fan: off
[2025-07-13 19:30:59] [MQTT Handler] Published command to fertilizer: off
[2025-07-13 19:30:59] [CoAP Controller] Command sent to fertilizer: off
[2025-07-13 19:30:59] [Control Logic] Light too low: 44.0
[2025-07-13 19:30:59] [MQTT Handler] Published command to grow_light: on
[2025-07-13 19:30:59] [CoAP Controller] Command sent to grow_light: on
[2025-07-13 19:31:01] [Smart Garden] Executing command: :trigger fertilizer
[2025-07-13 19:31:01] [CoAP Controller] PUT to fertilizer: 2.05 - {"mode":"off"}
[2025-07-13 19:31:01] > 
[2025-07-13 19:31:05] [MQTT Handler] Inserted 25.0 for sensor: temperature
[2025-07-13 19:31:09] [MQTT Handler] Published command to heater: off
[2025-07-13 19:31:09] [MQTT Handler] Published command to fan: off
[2025-07-13 19:31:09] [CoAP Controller] Command sent to heater: off
[2025-07-13 19:31:10] [CoAP Controller] Command sent to fan: off
[2025-07-13 19:31:10] [MQTT Handler] Published command to fertilizer: off
[2025-07-13 19:31:10] [CoAP Controller] Command sent to fertilizer: off
[2025-07-13 19:31:10] [Control Logic] Light too low: 44.0
[2025-07-13 19:31:10] [MQTT Handler] Published command to grow_light: on
[2025-07-13 19:31:10] [CoAP Controller] Command sent to grow_light: on
[2025-07-13 19:31:13] [MQTT Handler] Inserted 6.72 for sensor: pH
[2025-07-13 19:31:20] [MQTT Handler] Published command to heater: off
[2025-07-13 19:31:20] [MQTT Handler] Published command to fan: off
[2025-07-13 19:31:20] [CoAP Controller] Command sent to heater: off
[2025-07-13 19:31:20] [CoAP Controller] Command sent to fan: off
[2025-07-13 19:31:20] [MQTT Handler] Published command to fertilizer: off
[2025-07-13 19:31:20] [CoAP Controller] Command sent to fertilizer: off
[2025-07-13 19:31:20] [Control Logic] Light too low: 44.0
[2025-07-13 19:31:20] [MQTT Handler] Published command to grow_light: on
[2025-07-13 19:31:20] [CoAP Controller] Command sent to grow_light: on
[2025-07-13 19:31:21] [MQTT Handler] Inserted 43.5 for sensor: light
[2025-07-13 19:31:21] [Smart Garden] Executing command: :get status
[2025-07-13 19:31:21] [Smart Garden] Current sensor readings:
[2025-07-13 19:31:21] soilMoisture - Latest value: 35,20
[2025-07-13 19:31:21] light - Latest value: 43,50
[2025-07-13 19:31:21] temperature - Latest value: 25,00
[2025-07-13 19:31:21] pH - Latest value: 6,72
[2025-07-13 19:31:21] > 
[2025-07-13 19:31:29] [MQTT Handler] Inserted 34.8 for sensor: soilMoisture
[2025-07-13 19:31:30] [MQTT Handler] Published command to heater: off
[2025-07-13 19:31:30] [MQTT Handler] Published command to fan: off
[2025-07-13 19:31:30] [CoAP Controller] Command sent to heater: off
[2025-07-13 19:31:30] [CoAP Controller] Command sent to fan: off
[2025-07-13 19:31:31] [MQTT Handler] Published command to fertilizer: off
[2025-07-13 19:31:31] [CoAP Controller] Command sent to fertilizer: off
[2025-07-13 19:31:31] [Control Logic] Soil moisture too low: 34.8
[2025-07-13 19:31:31] [MQTT Handler] Published command to irrigation: on
[2025-07-13 19:31:31] [31m[CoAP Controller] Failed to send command to irrigation[0m
[2025-07-13 19:31:31] [Control Logic] Light too low: 43.5
[2025-07-13 19:31:31] [MQTT Handler] Published command to grow_light: on
[2025-07-13 19:31:31] [CoAP Controller] Command sent to grow_light: on
[2025-07-13 19:31:37] [MQTT Handler] Inserted 24.9 for sensor: temperature
[2025-07-13 19:31:41] [MQTT Handler] Published command to heater: off
[2025-07-13 19:31:41] [MQTT Handler] Published command to fan: off
[2025-07-13 19:31:41] [CoAP Controller] Command sent to heater: off
[2025-07-13 19:31:41] [CoAP Controller] Command sent to fan: off
[2025-07-13 19:31:41] [MQTT Handler] Published command to fertilizer: off
[2025-07-13 19:31:41] [CoAP Controller] Command sent to fertilizer: off
[2025-07-13 19:31:41] [Control Logic] Soil moisture too low: 34.8
[2025-07-13 19:31:41] [MQTT Handler] Published command to irrigation: on
[2025-07-13 19:31:41] [31m[CoAP Controller] Failed to send command to irrigation[0m
[2025-07-13 19:31:41] [Control Logic] Light too low: 43.5
[2025-07-13 19:31:41] [MQTT Handler] Published command to grow_light: on
[2025-07-13 19:31:41] [CoAP Controller] Command sent to grow_light: on
[2025-07-13 19:31:45] [Smart Garden] Executing command: :trigger fan
[2025-07-13 19:31:45] [CoAP Controller] PUT to fan: 4.00 - 
[2025-07-13 19:31:45] > 
[2025-07-13 19:31:45] [MQTT Handler] Inserted 6.71 for sensor: pH
[2025-07-13 19:31:51] [MQTT Handler] Published command to heater: off
[2025-07-13 19:31:51] [MQTT Handler] Published command to fan: off
[2025-07-13 19:31:51] [CoAP Controller] Command sent to heater: off
[2025-07-13 19:31:52] [CoAP Controller] Command sent to fan: off
[2025-07-13 19:31:52] [MQTT Handler] Published command to fertilizer: off
[2025-07-13 19:31:52] [CoAP Controller] Command sent to fertilizer: off
[2025-07-13 19:31:52] [Control Logic] Soil moisture too low: 34.8
[2025-07-13 19:31:52] [MQTT Handler] Published command to irrigation: on
[2025-07-13 19:31:52] [31m[CoAP Controller] Failed to send command to irrigation[0m
[2025-07-13 19:31:52] [Control Logic] Light too low: 43.5
[2025-07-13 19:31:52] [MQTT Handler] Published command to grow_light: on
[2025-07-13 19:31:52] [CoAP Controller] Command sent to grow_light: on
[2025-07-13 19:31:53] [MQTT Handler] Inserted 43.0 for sensor: light
[2025-07-13 19:31:53] [Smart Garden] Executing command: :trigger heater
[2025-07-13 19:31:53] [CoAP Controller] PUT to heater: 4.00 - 
[2025-07-13 19:31:53] > 
[2025-07-13 19:32:01] [MQTT Handler] Inserted 34.4 for sensor: soilMoisture
[2025-07-13 19:32:02] [MQTT Handler] Published command to heater: off
[2025-07-13 19:32:02] [MQTT Handler] Published command to fan: off
[2025-07-13 19:32:02] [CoAP Controller] Command sent to heater: off
[2025-07-13 19:32:02] [CoAP Controller] Command sent to fan: off
[2025-07-13 19:32:02] [MQTT Handler] Published command to fertilizer: off
[2025-07-13 19:32:02] [CoAP Controller] Command sent to fertilizer: off
[2025-07-13 19:32:02] [Control Logic] Soil moisture too low: 34.4
[2025-07-13 19:32:02] [MQTT Handler] Published command to irrigation: on
[2025-07-13 19:32:02] [31m[CoAP Controller] Failed to send command to irrigation[0m
[2025-07-13 19:32:02] [Control Logic] Light too low: 43.0
[2025-07-13 19:32:02] [MQTT Handler] Published command to grow_light: on
[2025-07-13 19:32:02] [CoAP Controller] Command sent to grow_light: on
[2025-07-13 19:32:09] [MQTT Handler] Inserted 24.9 for sensor: temperature
[2025-07-13 19:32:12] [MQTT Handler] Published command to heater: off
[2025-07-13 19:32:12] [MQTT Handler] Published command to fan: off
[2025-07-13 19:32:12] [CoAP Controller] Command sent to heater: off
[2025-07-13 19:32:12] [CoAP Controller] Command sent to fan: off
[2025-07-13 19:32:12] [MQTT Handler] Published command to fertilizer: off
[2025-07-13 19:32:12] [CoAP Controller] Command sent to fertilizer: off
[2025-07-13 19:32:12] [Control Logic] Soil moisture too low: 34.4
[2025-07-13 19:32:12] [MQTT Handler] Published command to irrigation: on
[2025-07-13 19:32:13] [31m[CoAP Controller] Failed to send command to irrigation[0m
[2025-07-13 19:32:13] [Control Logic] Light too low: 43.0
[2025-07-13 19:32:13] [MQTT Handler] Published command to grow_light: on
[2025-07-13 19:32:13] [CoAP Controller] Command sent to grow_light: on
[2025-07-13 19:32:13] [Smart Garden] Invalid command. Type ':help' to see the list of available commands.
[2025-07-13 19:32:13] > 
[2025-07-13 19:32:17] [MQTT Handler] Inserted 6.72 for sensor: pH
[2025-07-13 19:32:20] [Smart Garden] Executing command: :get configuration
[2025-07-13 19:32:20] Configuration {
  sensors=[temperature → temperature, pH → pH, light → light, soilMoisture → soilMoisture],
  actuators=[fertilizer, irrigation, grow_light, fan, heater]
}
[2025-07-13 19:32:20] > 
[2025-07-13 19:32:23] [MQTT Handler] Published command to heater: off
[2025-07-13 19:32:23] [MQTT Handler] Published command to fan: off
[2025-07-13 19:32:23] [CoAP Controller] Command sent to heater: off
[2025-07-13 19:32:23] [CoAP Controller] Command sent to fan: off
[2025-07-13 19:32:23] [MQTT Handler] Published command to fertilizer: off
[2025-07-13 19:32:23] [CoAP Controller] Command sent to fertilizer: off
[2025-07-13 19:32:23] [Control Logic] Soil moisture too low: 34.4
[2025-07-13 19:32:23] [MQTT Handler] Published command to irrigation: on
[2025-07-13 19:32:23] [31m[CoAP Controller] Failed to send command to irrigation[0m
[2025-07-13 19:32:23] [Control Logic] Light too low: 43.0
[2025-07-13 19:32:23] [MQTT Handler] Published command to grow_light: on
[2025-07-13 19:32:23] [CoAP Controller] Command sent to grow_light: on
[2025-07-13 19:32:25] [MQTT Handler] Inserted 42.5 for sensor: light
[2025-07-13 19:32:33] [MQTT Handler] Inserted 34.0 for sensor: soilMoisture
[2025-07-13 19:32:33] [MQTT Handler] Published command to heater: off
[2025-07-13 19:32:33] [MQTT Handler] Published command to fan: off
[2025-07-13 19:32:33] [CoAP Controller] Command sent to heater: off
[2025-07-13 19:32:33] [CoAP Controller] Command sent to fan: off
[2025-07-13 19:32:33] [MQTT Handler] Published command to fertilizer: off
[2025-07-13 19:32:33] [CoAP Controller] Command sent to fertilizer: off
[2025-07-13 19:32:33] [Control Logic] Soil moisture too low: 34.0
[2025-07-13 19:32:33] [MQTT Handler] Published command to irrigation: on
[2025-07-13 19:32:34] [31m[CoAP Controller] Failed to send command to irrigation[0m
[2025-07-13 19:32:34] [Control Logic] Light too low: 42.5
[2025-07-13 19:32:34] [MQTT Handler] Published command to grow_light: on
[2025-07-13 19:32:34] [CoAP Controller] Command sent to grow_light: on
[2025-07-13 19:32:36] [Smart Garden] Executing command: :quit
[2025-07-13 19:32:36] [Smart Garden] Shutting down...
[2025-07-13 19:32:41] [MQTT Handler] Inserted 24.9 for sensor: temperature
[2025-07-13 19:32:44] [MQTT Handler] Published command to heater: off
[2025-07-13 19:32:44] [MQTT Handler] Published command to fan: off
[2025-07-13 19:32:44] [CoAP Controller] Command sent to heater: off
[2025-07-13 19:32:44] [CoAP Controller] Command sent to fan: off
[2025-07-13 19:32:44] [MQTT Handler] Published command to fertilizer: off
[2025-07-13 19:32:44] [CoAP Controller] Command sent to fertilizer: off
[2025-07-13 19:32:44] [Control Logic] Soil moisture too low: 34.0
[2025-07-13 19:32:44] [MQTT Handler] Published command to irrigation: on
[2025-07-13 19:32:44] [31m[CoAP Controller] Failed to send command to irrigation[0m
[2025-07-13 19:32:44] [Control Logic] Light too low: 42.5
[2025-07-13 19:32:44] [MQTT Handler] Published command to grow_light: on
[2025-07-13 19:32:44] [CoAP Controller] Command sent to grow_light: on
[2025-07-13 19:32:44] [Control Logic] Thread stopped.
[2025-07-13 19:32:44] [MQTT Handler] Disconnecting...
[2025-07-13 19:32:44] [CoAP Controller] CoAP server shut down.
[2025-07-13 21:45:06] [Smart Garden] Welcome to the Smart Garden System!
[2025-07-13 21:45:06] [Smart Garden] Loading configuration...
[2025-07-13 21:45:06] Configuration {
  sensors=[temperature → temperature, pH → pH, light → light, soilMoisture → soilMoisture],
  actuators=[fertilizer, irrigation, grow_light, fan, heater]
}
[2025-07-13 21:45:07] [MQTT Handler] Subscribed to topic: soilMoisture
[2025-07-13 21:45:07] [MQTT Handler] Subscribed to topic: light
[2025-07-13 21:45:07] [MQTT Handler] Subscribed to topic: temperature
[2025-07-13 21:45:07] [MQTT Handler] Subscribed to topic: pH
[2025-07-13 21:45:07] [CoAP Controller] CoAP server started on port 5683
[2025-07-13 21:45:07] [Smart Garden] Waiting 5 seconds for CoAP device registration...
[2025-07-13 21:45:07] [MQTT Handler] Inserted 45.0 for sensor: light
[2025-07-13 21:45:08] [CoAP Controller] Registration received from fd00:0:0:0:f6ce:369c:1f14:2edf: {"device":"coapDevice","resources":["actuators/fertilizer","actuators/irrigation","actuators/grow_light","cc/fan","cc/heater"]}
[2025-07-13 21:45:08] [CoAP Controller] Registered actuator: fertilizer at coap://[fd00:0:0:0:f6ce:369c:1f14:2edf]:5683/actuators/fertilizer
[2025-07-13 21:45:08] [CoAP Controller] Registered actuator: irrigation at coap://[fd00:0:0:0:f6ce:369c:1f14:2edf]:5683/actuators/irrigation
[2025-07-13 21:45:08] [CoAP Controller] Registered actuator: grow_light at coap://[fd00:0:0:0:f6ce:369c:1f14:2edf]:5683/actuators/grow_light
[2025-07-13 21:45:08] [CoAP Controller] Registered actuator: fan at coap://[fd00:0:0:0:f6ce:369c:1f14:2edf]:5683/cc/fan
[2025-07-13 21:45:08] [CoAP Controller] Registered actuator: heater at coap://[fd00:0:0:0:f6ce:369c:1f14:2edf]:5683/cc/heater
[2025-07-13 21:45:12] [Smart Garden] Available commands:
[2025-07-13 21:45:12] [Smart Garden] - :get status
[2025-07-13 21:45:12] [Smart Garden] - :get actuators
[2025-07-13 21:45:12] [Smart Garden] - :trigger irrigation
[2025-07-13 21:45:12] [Smart Garden] - :trigger grow_light
[2025-07-13 21:45:12] [Smart Garden] - :trigger fertilizer
[2025-07-13 21:45:12] [Smart Garden] - :trigger fan
[2025-07-13 21:45:12] [Smart Garden] - :trigger heater
[2025-07-13 21:45:12] [Smart Garden] - :get configuration
[2025-07-13 21:45:12] [Smart Garden] - :help
[2025-07-13 21:45:12] [Smart Garden] - :quit
[2025-07-13 21:45:12] > 
[2025-07-13 21:45:15] [MQTT Handler] Inserted 36.0 for sensor: soilMoisture
[2025-07-13 21:45:22] [Control Logic] Light too low: 45.0
[2025-07-13 21:45:22] [MQTT Handler] Published command to grow_light: on
[2025-07-13 21:45:22] [CoAP Controller] Command sent to grow_light: on
[2025-07-13 21:45:23] [MQTT Handler] Inserted 24.7 for sensor: temperature
[2025-07-13 21:45:31] [Smart Garden] Invalid command. Type ':help' to see the list of available commands.
[2025-07-13 21:45:31] > 
[2025-07-13 21:45:31] [MQTT Handler] Inserted 6.72 for sensor: pH
[2025-07-13 21:45:33] [MQTT Handler] Published command to heater: off
[2025-07-13 21:45:33] [MQTT Handler] Published command to fan: off
[2025-07-13 21:45:33] [MQTT Handler] Published command to fertilizer: off
[2025-07-13 21:45:33] [CoAP Controller] Command sent to fertilizer: off
[2025-07-13 21:45:33] [Control Logic] Light too low: 45.0
[2025-07-13 21:45:33] [MQTT Handler] Published command to grow_light: on
[2025-07-13 21:45:36] [Smart Garden] Executing command: :get status
[2025-07-13 21:45:36] [Smart Garden] Current sensor readings:
[2025-07-13 21:45:36] soilMoisture - Latest value: 36,00
[2025-07-13 21:45:36] light - Latest value: 45,00
[2025-07-13 21:45:36] temperature - Latest value: 24,70
[2025-07-13 21:45:36] pH - Latest value: 6,72
[2025-07-13 21:45:36] > 
[2025-07-13 21:45:39] [MQTT Handler] Inserted 44.5 for sensor: light
[2025-07-13 21:45:43] [MQTT Handler] Published command to heater: off
[2025-07-13 21:45:43] [MQTT Handler] Published command to fan: off
[2025-07-13 21:45:43] [MQTT Handler] Published command to fertilizer: off
[2025-07-13 21:45:43] [CoAP Controller] Command sent to fertilizer: off
[2025-07-13 21:45:43] [Control Logic] Light too low: 44.5
[2025-07-13 21:45:43] [MQTT Handler] Published command to grow_light: on
[2025-07-13 21:45:47] [MQTT Handler] Inserted 35.6 for sensor: soilMoisture
[2025-07-13 21:45:53] [MQTT Handler] Published command to heater: off
[2025-07-13 21:45:53] [MQTT Handler] Published command to fan: off
[2025-07-13 21:45:53] [MQTT Handler] Published command to fertilizer: off
[2025-07-13 21:45:54] [CoAP Controller] Command sent to fertilizer: off
[2025-07-13 21:45:54] [Control Logic] Light too low: 44.5
[2025-07-13 21:45:54] [MQTT Handler] Published command to grow_light: on
[2025-07-13 21:45:55] [MQTT Handler] Inserted 24.6 for sensor: temperature
[2025-07-13 21:46:02] [Smart Garden] Executing command: :get actuators
[2025-07-13 21:46:02] [Smart Garden] Current actuator states:
[2025-07-13 21:46:02]   - fertilizer: off
[2025-07-13 21:46:02]   - irrigation: off
[2025-07-13 21:46:02]   - grow_light: on
[2025-07-13 21:46:02]   - fan: off
[2025-07-13 21:46:02]   - heater: off
[2025-07-13 21:46:02] > 
[2025-07-13 21:46:03] [MQTT Handler] Inserted 6.71 for sensor: pH
[2025-07-13 21:46:04] [MQTT Handler] Published command to heater: off
[2025-07-13 21:46:04] [MQTT Handler] Published command to fan: off
[2025-07-13 21:46:04] [MQTT Handler] Published command to fertilizer: off
[2025-07-13 21:46:04] [CoAP Controller] Command sent to fertilizer: off
[2025-07-13 21:46:04] [Control Logic] Light too low: 44.5
[2025-07-13 21:46:04] [MQTT Handler] Published command to grow_light: on
[2025-07-13 21:46:11] [MQTT Handler] Inserted 44.0 for sensor: light
[2025-07-13 21:46:15] [MQTT Handler] Published command to heater: off
[2025-07-13 21:46:15] [MQTT Handler] Published command to fan: off
[2025-07-13 21:46:15] [MQTT Handler] Published command to fertilizer: off
[2025-07-13 21:46:15] [CoAP Controller] Command sent to fertilizer: off
[2025-07-13 21:46:15] [Control Logic] Light too low: 44.0
[2025-07-13 21:46:15] [MQTT Handler] Published command to grow_light: on
[2025-07-13 21:46:19] [MQTT Handler] Inserted 35.2 for sensor: soilMoisture
[2025-07-13 21:46:25] [MQTT Handler] Published command to heater: off
[2025-07-13 21:46:25] [MQTT Handler] Published command to fan: off
[2025-07-13 21:46:25] [MQTT Handler] Published command to fertilizer: off
[2025-07-13 21:46:25] [CoAP Controller] Command sent to fertilizer: off
[2025-07-13 21:46:25] [Control Logic] Light too low: 44.0
[2025-07-13 21:46:25] [MQTT Handler] Published command to grow_light: on
[2025-07-13 21:46:27] [MQTT Handler] Inserted 24.5 for sensor: temperature
[2025-07-13 21:46:35] [MQTT Handler] Inserted 6.71 for sensor: pH
[2025-07-13 21:46:36] [MQTT Handler] Published command to heater: off
[2025-07-13 21:46:36] [MQTT Handler] Published command to fan: off
[2025-07-13 21:46:36] [MQTT Handler] Published command to fertilizer: off
[2025-07-13 21:46:36] [CoAP Controller] Command sent to fertilizer: off
[2025-07-13 21:46:36] [Control Logic] Light too low: 44.0
[2025-07-13 21:46:36] [MQTT Handler] Published command to grow_light: on
[2025-07-13 21:46:41] [Smart Garden] Executing command: :get actuators
[2025-07-13 21:46:41] [Smart Garden] Current actuator states:
[2025-07-13 21:46:41]   - fertilizer: off
[2025-07-13 21:46:41]   - irrigation: off
[2025-07-13 21:46:41]   - grow_light: on
[2025-07-13 21:46:41]   - fan: off
[2025-07-13 21:46:41]   - heater: off
[2025-07-13 21:46:41] > 
[2025-07-13 21:46:43] [MQTT Handler] Inserted 43.5 for sensor: light
[2025-07-13 21:46:46] [MQTT Handler] Published command to heater: off
[2025-07-13 21:46:46] [MQTT Handler] Published command to fan: off
[2025-07-13 21:46:46] [MQTT Handler] Published command to fertilizer: off
[2025-07-13 21:46:46] [CoAP Controller] Command sent to fertilizer: off
[2025-07-13 21:46:46] [Control Logic] Light too low: 43.5
[2025-07-13 21:46:46] [MQTT Handler] Published command to grow_light: on
[2025-07-13 21:46:51] [MQTT Handler] Inserted 34.8 for sensor: soilMoisture
[2025-07-13 21:46:56] [MQTT Handler] Published command to heater: off
[2025-07-13 21:46:56] [MQTT Handler] Published command to fan: off
[2025-07-13 21:46:56] [MQTT Handler] Published command to fertilizer: off
[2025-07-13 21:46:56] [CoAP Controller] Command sent to fertilizer: off
[2025-07-13 21:46:56] [Control Logic] Soil moisture too low: 34.8
[2025-07-13 21:46:56] [MQTT Handler] Published command to irrigation: on
[2025-07-13 21:46:57] [CoAP Controller] Command sent to irrigation: on
[2025-07-13 21:46:57] [Control Logic] Light too low: 43.5
[2025-07-13 21:46:57] [MQTT Handler] Published command to grow_light: on
[2025-07-13 21:46:59] [MQTT Handler] Inserted 24.6 for sensor: temperature
[2025-07-13 21:47:06] [Smart Garden] Executing command: :trigger irrigation
[2025-07-13 21:47:06] [CoAP Controller] Command sent to irrigation: on
[2025-07-13 21:47:06] > 
[2025-07-13 21:47:07] [MQTT Handler] Published command to heater: off
[2025-07-13 21:47:07] [MQTT Handler] Published command to fan: off
[2025-07-13 21:47:07] [MQTT Handler] Published command to fertilizer: off
[2025-07-13 21:47:07] [CoAP Controller] Command sent to fertilizer: off
[2025-07-13 21:47:07] [Control Logic] Soil moisture too low: 34.8
[2025-07-13 21:47:07] [MQTT Handler] Published command to irrigation: on
[2025-07-13 21:47:07] [Control Logic] Light too low: 43.5
[2025-07-13 21:47:07] [MQTT Handler] Published command to grow_light: on
[2025-07-13 21:47:07] [MQTT Handler] Inserted 6.72 for sensor: pH
[2025-07-13 21:47:15] [MQTT Handler] Inserted 43.0 for sensor: light
[2025-07-13 21:47:17] [MQTT Handler] Published command to heater: off
[2025-07-13 21:47:17] [MQTT Handler] Published command to fan: off
[2025-07-13 21:47:17] [MQTT Handler] Published command to fertilizer: off
[2025-07-13 21:47:18] [CoAP Controller] Command sent to fertilizer: off
[2025-07-13 21:47:18] [Control Logic] Soil moisture too low: 34.8
[2025-07-13 21:47:18] [MQTT Handler] Published command to irrigation: on
[2025-07-13 21:47:18] [Control Logic] Light too low: 43.0
[2025-07-13 21:47:18] [MQTT Handler] Published command to grow_light: on
[2025-07-13 21:47:23] [MQTT Handler] Inserted 34.4 for sensor: soilMoisture
[2025-07-13 21:47:28] [MQTT Handler] Published command to heater: off
[2025-07-13 21:47:28] [MQTT Handler] Published command to fan: off
[2025-07-13 21:47:28] [MQTT Handler] Published command to fertilizer: off
[2025-07-13 21:47:28] [CoAP Controller] Command sent to fertilizer: off
[2025-07-13 21:47:28] [Control Logic] Soil moisture too low: 34.4
[2025-07-13 21:47:28] [MQTT Handler] Published command to irrigation: on
[2025-07-13 21:47:28] [Control Logic] Light too low: 43.0
[2025-07-13 21:47:28] [MQTT Handler] Published command to grow_light: on
[2025-07-13 21:47:31] [MQTT Handler] Inserted 24.7 for sensor: temperature
[2025-07-13 21:47:38] [MQTT Handler] Published command to heater: off
[2025-07-13 21:47:38] [MQTT Handler] Published command to fan: off
[2025-07-13 21:47:38] [MQTT Handler] Published command to fertilizer: off
[2025-07-13 21:47:38] [CoAP Controller] Command sent to fertilizer: off
[2025-07-13 21:47:38] [Control Logic] Soil moisture too low: 34.4
[2025-07-13 21:47:38] [MQTT Handler] Published command to irrigation: on
[2025-07-13 21:47:39] [Control Logic] Light too low: 43.0
[2025-07-13 21:47:39] [MQTT Handler] Published command to grow_light: on
[2025-07-13 21:47:39] [MQTT Handler] Inserted 6.72 for sensor: pH
[2025-07-13 21:47:47] [MQTT Handler] Inserted 42.5 for sensor: light
[2025-07-13 21:47:49] [MQTT Handler] Published command to heater: off
[2025-07-13 21:47:49] [MQTT Handler] Published command to fan: off
[2025-07-13 21:47:49] [MQTT Handler] Published command to fertilizer: off
[2025-07-13 21:47:49] [CoAP Controller] Command sent to fertilizer: off
[2025-07-13 21:47:49] [Control Logic] Soil moisture too low: 34.4
[2025-07-13 21:47:49] [MQTT Handler] Published command to irrigation: on
[2025-07-13 21:47:49] [Control Logic] Light too low: 42.5
[2025-07-13 21:47:49] [MQTT Handler] Published command to grow_light: on
[2025-07-13 21:47:55] [MQTT Handler] Inserted 34.0 for sensor: soilMoisture
[2025-07-13 21:47:59] [MQTT Handler] Published command to heater: off
[2025-07-13 21:47:59] [MQTT Handler] Published command to fan: off
[2025-07-13 21:47:59] [MQTT Handler] Published command to fertilizer: off
[2025-07-13 21:47:59] [CoAP Controller] Command sent to fertilizer: off
[2025-07-13 21:47:59] [Control Logic] Soil moisture too low: 34.0
[2025-07-13 21:47:59] [MQTT Handler] Published command to irrigation: on
[2025-07-13 21:47:59] [Control Logic] Light too low: 42.5
[2025-07-13 21:47:59] [MQTT Handler] Published command to grow_light: on
[2025-07-13 21:48:02] [Smart Garden] Executing command: :get actuators
[2025-07-13 21:48:02] [Smart Garden] Current actuator states:
[2025-07-13 21:48:02]   - fertilizer: off
[2025-07-13 21:48:02]   - irrigation: on
[2025-07-13 21:48:02]   - grow_light: on
[2025-07-13 21:48:02]   - fan: off
[2025-07-13 21:48:02]   - heater: off
[2025-07-13 21:48:02] > 
[2025-07-13 21:48:03] [MQTT Handler] Inserted 24.7 for sensor: temperature
[2025-07-13 21:48:10] [MQTT Handler] Published command to heater: off
[2025-07-13 21:48:10] [MQTT Handler] Published command to fan: off
[2025-07-13 21:48:10] [MQTT Handler] Published command to fertilizer: off
[2025-07-13 21:48:10] [CoAP Controller] Command sent to fertilizer: off
[2025-07-13 21:48:10] [Control Logic] Soil moisture too low: 34.0
[2025-07-13 21:48:10] [MQTT Handler] Published command to irrigation: on
[2025-07-13 21:48:10] [Control Logic] Light too low: 42.5
[2025-07-13 21:48:10] [MQTT Handler] Published command to grow_light: on
[2025-07-13 21:48:11] [MQTT Handler] Inserted 6.72 for sensor: pH
[2025-07-13 21:48:19] [MQTT Handler] Inserted 42.0 for sensor: light
[2025-07-13 21:48:20] [MQTT Handler] Published command to heater: off
[2025-07-13 21:48:20] [MQTT Handler] Published command to fan: off
[2025-07-13 21:48:20] [MQTT Handler] Published command to fertilizer: off
[2025-07-13 21:48:20] [CoAP Controller] Command sent to fertilizer: off
[2025-07-13 21:48:20] [Control Logic] Soil moisture too low: 34.0
[2025-07-13 21:48:20] [MQTT Handler] Published command to irrigation: on
[2025-07-13 21:48:20] [Control Logic] Light too low: 42.0
[2025-07-13 21:48:20] [MQTT Handler] Published command to grow_light: on
[2025-07-13 21:48:28] [MQTT Handler] Inserted 33.6 for sensor: soilMoisture
[2025-07-13 21:48:30] [MQTT Handler] Published command to heater: off
[2025-07-13 21:48:30] [MQTT Handler] Published command to fan: off
[2025-07-13 21:48:30] [MQTT Handler] Published command to fertilizer: off
[2025-07-13 21:48:30] [CoAP Controller] Command sent to fertilizer: off
[2025-07-13 21:48:31] [Control Logic] Soil moisture too low: 33.6
[2025-07-13 21:48:31] [MQTT Handler] Published command to irrigation: on
[2025-07-13 21:48:31] [Control Logic] Light too low: 42.0
[2025-07-13 21:48:31] [MQTT Handler] Published command to grow_light: on
[2025-07-13 21:48:36] [MQTT Handler] Inserted 24.8 for sensor: temperature
[2025-07-13 21:48:41] [MQTT Handler] Published command to heater: off
[2025-07-13 21:48:41] [MQTT Handler] Published command to fan: off
[2025-07-13 21:48:41] [MQTT Handler] Published command to fertilizer: off
[2025-07-13 21:48:41] [CoAP Controller] Command sent to fertilizer: off
[2025-07-13 21:48:41] [Control Logic] Soil moisture too low: 33.6
[2025-07-13 21:48:41] [MQTT Handler] Published command to irrigation: on
[2025-07-13 21:48:41] [Control Logic] Light too low: 42.0
[2025-07-13 21:48:41] [MQTT Handler] Published command to grow_light: on
[2025-07-13 21:48:43] [MQTT Handler] Inserted 6.72 for sensor: pH
[2025-07-13 21:48:51] [MQTT Handler] Published command to heater: off
[2025-07-13 21:48:51] [MQTT Handler] Published command to fan: off
[2025-07-13 21:48:51] [MQTT Handler] Published command to fertilizer: off
[2025-07-13 21:48:51] [CoAP Controller] Command sent to fertilizer: off
[2025-07-13 21:48:51] [Control Logic] Soil moisture too low: 33.6
[2025-07-13 21:48:51] [MQTT Handler] Published command to irrigation: on
[2025-07-13 21:48:51] [Control Logic] Light too low: 42.0
[2025-07-13 21:48:51] [MQTT Handler] Published command to grow_light: on
[2025-07-13 21:48:52] [MQTT Handler] Inserted 41.5 for sensor: light
[2025-07-13 21:49:00] [MQTT Handler] Inserted 33.2 for sensor: soilMoisture
[2025-07-13 21:49:02] [MQTT Handler] Published command to heater: off
[2025-07-13 21:49:02] [MQTT Handler] Published command to fan: off
[2025-07-13 21:49:02] [MQTT Handler] Published command to fertilizer: off
[2025-07-13 21:49:02] [CoAP Controller] Command sent to fertilizer: off
[2025-07-13 21:49:02] [Control Logic] Soil moisture too low: 33.2
[2025-07-13 21:49:02] [MQTT Handler] Published command to irrigation: on
[2025-07-13 21:49:02] [Control Logic] Light too low: 41.5
[2025-07-13 21:49:02] [MQTT Handler] Published command to grow_light: on
[2025-07-13 21:49:08] [MQTT Handler] Inserted 24.9 for sensor: temperature
[2025-07-13 21:49:09] [Smart Garden] Executing command: :trigger irrigation
[2025-07-13 21:49:09] [CoAP Controller] Command sent to irrigation: off
[2025-07-13 21:49:09] > 
[2025-07-13 21:49:12] [MQTT Handler] Published command to heater: off
[2025-07-13 21:49:12] [MQTT Handler] Published command to fan: off
[2025-07-13 21:49:12] [MQTT Handler] Published command to fertilizer: off
[2025-07-13 21:49:12] [CoAP Controller] Command sent to fertilizer: off
[2025-07-13 21:49:12] [Control Logic] Soil moisture too low: 33.2
[2025-07-13 21:49:12] [MQTT Handler] Published command to irrigation: on
[2025-07-13 21:49:12] [CoAP Controller] Command sent to irrigation: on
[2025-07-13 21:49:12] [Control Logic] Light too low: 41.5
[2025-07-13 21:49:12] [MQTT Handler] Published command to grow_light: on
[2025-07-13 21:49:16] [MQTT Handler] Inserted 6.72 for sensor: pH
[2025-07-13 21:49:23] [MQTT Handler] Published command to heater: off
[2025-07-13 21:49:23] [MQTT Handler] Published command to fan: off
[2025-07-13 21:49:23] [MQTT Handler] Published command to fertilizer: off
[2025-07-13 21:49:23] [CoAP Controller] Command sent to fertilizer: off
[2025-07-13 21:49:23] [Control Logic] Soil moisture too low: 33.2
[2025-07-13 21:49:23] [MQTT Handler] Published command to irrigation: on
[2025-07-13 21:49:23] [Control Logic] Light too low: 41.5
[2025-07-13 21:49:23] [MQTT Handler] Published command to grow_light: on
[2025-07-13 21:49:24] [MQTT Handler] Inserted 41.0 for sensor: light
[2025-07-13 21:49:32] [MQTT Handler] Inserted 32.8 for sensor: soilMoisture
[2025-07-13 21:49:33] [MQTT Handler] Published command to heater: off
[2025-07-13 21:49:33] [MQTT Handler] Published command to fan: off
[2025-07-13 21:49:33] [MQTT Handler] Published command to fertilizer: off
[2025-07-13 21:49:33] [CoAP Controller] Command sent to fertilizer: off
[2025-07-13 21:49:33] [Control Logic] Soil moisture too low: 32.8
[2025-07-13 21:49:33] [MQTT Handler] Published command to irrigation: on
[2025-07-13 21:49:33] [Control Logic] Light too low: 41.0
[2025-07-13 21:49:33] [MQTT Handler] Published command to grow_light: on
[2025-07-13 21:49:40] [MQTT Handler] Inserted 25.0 for sensor: temperature
[2025-07-13 21:49:43] [MQTT Handler] Published command to heater: off
[2025-07-13 21:49:43] [MQTT Handler] Published command to fan: off
[2025-07-13 21:49:43] [MQTT Handler] Published command to fertilizer: off
[2025-07-13 21:49:44] [CoAP Controller] Command sent to fertilizer: off
[2025-07-13 21:49:44] [Control Logic] Soil moisture too low: 32.8
[2025-07-13 21:49:44] [MQTT Handler] Published command to irrigation: on
[2025-07-13 21:49:44] [Control Logic] Light too low: 41.0
[2025-07-13 21:49:44] [MQTT Handler] Published command to grow_light: on
[2025-07-13 21:49:48] [MQTT Handler] Inserted 6.72 for sensor: pH
[2025-07-13 21:49:54] [MQTT Handler] Published command to heater: off
[2025-07-13 21:49:54] [MQTT Handler] Published command to fan: off
[2025-07-13 21:49:54] [MQTT Handler] Published command to fertilizer: off
[2025-07-13 21:49:54] [CoAP Controller] Command sent to fertilizer: off
[2025-07-13 21:49:54] [Control Logic] Soil moisture too low: 32.8
[2025-07-13 21:49:54] [MQTT Handler] Published command to irrigation: on
[2025-07-13 21:49:54] [Control Logic] Light too low: 41.0
[2025-07-13 21:49:54] [MQTT Handler] Published command to grow_light: on
[2025-07-13 21:49:56] [MQTT Handler] Inserted 40.5 for sensor: light
[2025-07-13 21:49:56] [Smart Garden] Executing command: :get actuators
[2025-07-13 21:49:56] [Smart Garden] Current actuator states:
[2025-07-13 21:49:57]   - fertilizer: off
[2025-07-13 21:49:57]   - irrigation: on
[2025-07-13 21:49:57]   - grow_light: on
[2025-07-13 21:49:57]   - fan: off
[2025-07-13 21:49:57]   - heater: off
[2025-07-13 21:49:57] > 
[2025-07-13 21:50:04] [MQTT Handler] Inserted 32.4 for sensor: soilMoisture
[2025-07-13 21:50:04] [MQTT Handler] Published command to heater: off
[2025-07-13 21:50:04] [MQTT Handler] Published command to fan: off
[2025-07-13 21:50:04] [MQTT Handler] Published command to fertilizer: off
[2025-07-13 21:50:04] [CoAP Controller] Command sent to fertilizer: off
[2025-07-13 21:50:05] [Control Logic] Soil moisture too low: 32.4
[2025-07-13 21:50:05] [MQTT Handler] Published command to irrigation: on
[2025-07-13 21:50:05] [Control Logic] Light too low: 40.5
[2025-07-13 21:50:05] [MQTT Handler] Published command to grow_light: on
[2025-07-13 21:50:10] [Smart Garden] Executing command: :trigger irrigation
[2025-07-13 21:50:10] [CoAP Controller] Command sent to irrigation: on
[2025-07-13 21:50:10] > 
[2025-07-13 21:50:12] [MQTT Handler] Inserted 25.0 for sensor: temperature
[2025-07-13 21:50:15] [MQTT Handler] Published command to heater: off
[2025-07-13 21:50:15] [MQTT Handler] Published command to fan: off
[2025-07-13 21:50:15] [MQTT Handler] Published command to fertilizer: off
[2025-07-13 21:50:15] [CoAP Controller] Command sent to fertilizer: off
[2025-07-13 21:50:15] [Control Logic] Soil moisture too low: 32.4
[2025-07-13 21:50:15] [MQTT Handler] Published command to irrigation: on
[2025-07-13 21:50:15] [Control Logic] Light too low: 40.5
[2025-07-13 21:50:15] [MQTT Handler] Published command to grow_light: on
[2025-07-13 21:50:20] [MQTT Handler] Inserted 6.71 for sensor: pH
[2025-07-13 21:50:25] [MQTT Handler] Published command to heater: off
[2025-07-13 21:50:25] [MQTT Handler] Published command to fan: off
[2025-07-13 21:50:25] [MQTT Handler] Published command to fertilizer: off
[2025-07-13 21:50:25] [CoAP Controller] Command sent to fertilizer: off
[2025-07-13 21:50:25] [Control Logic] Soil moisture too low: 32.4
[2025-07-13 21:50:25] [MQTT Handler] Published command to irrigation: on
[2025-07-13 21:50:25] [Control Logic] Light too low: 40.5
[2025-07-13 21:50:25] [MQTT Handler] Published command to grow_light: on
[2025-07-13 21:50:28] [MQTT Handler] Inserted 40.0 for sensor: light
[2025-07-13 21:50:36] [MQTT Handler] Published command to heater: off
[2025-07-13 21:50:36] [MQTT Handler] Inserted 32.0 for sensor: soilMoisture
[2025-07-13 21:50:36] [MQTT Handler] Published command to fan: off
[2025-07-13 21:50:36] [MQTT Handler] Published command to fertilizer: off
[2025-07-13 21:50:36] [CoAP Controller] Command sent to fertilizer: off
[2025-07-13 21:50:36] [Control Logic] Soil moisture too low: 32.0
[2025-07-13 21:50:36] [MQTT Handler] Published command to irrigation: on
[2025-07-13 21:50:36] [Control Logic] Light too low: 40.0
[2025-07-13 21:50:36] [MQTT Handler] Published command to grow_light: on
[2025-07-13 21:50:44] [MQTT Handler] Inserted 24.9 for sensor: temperature
[2025-07-13 21:50:46] [MQTT Handler] Published command to heater: off
[2025-07-13 21:50:46] [MQTT Handler] Published command to fan: off
[2025-07-13 21:50:46] [MQTT Handler] Published command to fertilizer: off
[2025-07-13 21:50:46] [CoAP Controller] Command sent to fertilizer: off
[2025-07-13 21:50:47] [Control Logic] Soil moisture too low: 32.0
[2025-07-13 21:50:47] [MQTT Handler] Published command to irrigation: on
[2025-07-13 21:50:47] [Control Logic] Light too low: 40.0
[2025-07-13 21:50:47] [MQTT Handler] Published command to grow_light: on
[2025-07-13 21:50:52] [MQTT Handler] Inserted 6.7 for sensor: pH
[2025-07-13 21:50:57] [MQTT Handler] Published command to heater: off
[2025-07-13 21:50:57] [MQTT Handler] Published command to fan: off
[2025-07-13 21:50:57] [MQTT Handler] Published command to fertilizer: off
[2025-07-13 21:50:57] [CoAP Controller] Command sent to fertilizer: off
[2025-07-13 21:50:57] [Control Logic] Soil moisture too low: 32.0
[2025-07-13 21:50:57] [MQTT Handler] Published command to irrigation: on
[2025-07-13 21:50:57] [Control Logic] Light too low: 40.0
[2025-07-13 21:50:57] [MQTT Handler] Published command to grow_light: on
[2025-07-13 21:51:00] [MQTT Handler] Inserted 39.5 for sensor: light
[2025-07-13 21:51:00] [Smart Garden] Executing command: :trigger grow_light
[2025-07-13 21:51:00] [CoAP Controller] Command sent to grow_light: on
[2025-07-13 21:51:00] > 
[2025-07-13 21:51:07] [MQTT Handler] Published command to heater: off
[2025-07-13 21:51:07] [MQTT Handler] Published command to fan: off
[2025-07-13 21:51:07] [MQTT Handler] Published command to fertilizer: off
[2025-07-13 21:51:07] [CoAP Controller] Command sent to fertilizer: off
[2025-07-13 21:51:07] [Control Logic] Soil moisture too low: 32.0
[2025-07-13 21:51:07] [MQTT Handler] Published command to irrigation: on
[2025-07-13 21:51:07] [Control Logic] Light too low: 39.5
[2025-07-13 21:51:07] [MQTT Handler] Published command to grow_light: on
[2025-07-13 21:51:08] [MQTT Handler] Inserted 31.6 for sensor: soilMoisture
[2025-07-13 21:51:16] [MQTT Handler] Inserted 24.9 for sensor: temperature
[2025-07-13 21:51:18] [MQTT Handler] Published command to heater: off
[2025-07-13 21:51:18] [MQTT Handler] Published command to fan: off
[2025-07-13 21:51:18] [MQTT Handler] Published command to fertilizer: off
[2025-07-13 21:51:18] [CoAP Controller] Command sent to fertilizer: off
[2025-07-13 21:51:18] [Control Logic] Soil moisture too low: 31.6
[2025-07-13 21:51:18] [MQTT Handler] Published command to irrigation: on
[2025-07-13 21:51:18] [Control Logic] Light too low: 39.5
[2025-07-13 21:51:18] [MQTT Handler] Published command to grow_light: on
[2025-07-13 21:51:24] [MQTT Handler] Inserted 6.7 for sensor: pH
[2025-07-13 21:51:28] [MQTT Handler] Published command to heater: off
[2025-07-13 21:51:28] [MQTT Handler] Published command to fan: off
[2025-07-13 21:51:28] [MQTT Handler] Published command to fertilizer: off
[2025-07-13 21:51:28] [CoAP Controller] Command sent to fertilizer: off
[2025-07-13 21:51:28] [Control Logic] Soil moisture too low: 31.6
[2025-07-13 21:51:28] [MQTT Handler] Published command to irrigation: on
[2025-07-13 21:51:28] [Control Logic] Light too low: 39.5
[2025-07-13 21:51:28] [MQTT Handler] Published command to grow_light: on
[2025-07-13 21:51:32] [MQTT Handler] Inserted 39.0 for sensor: light
[2025-07-13 21:51:38] [MQTT Handler] Published command to heater: off
[2025-07-13 21:51:38] [MQTT Handler] Published command to fan: off
[2025-07-13 21:51:38] [MQTT Handler] Published command to fertilizer: off
[2025-07-13 21:51:38] [CoAP Controller] Command sent to fertilizer: off
[2025-07-13 21:51:39] [Control Logic] Soil moisture too low: 31.6
[2025-07-13 21:51:39] [MQTT Handler] Published command to irrigation: on
[2025-07-13 21:51:39] [Control Logic] Light too low: 39.0
[2025-07-13 21:51:39] [MQTT Handler] Published command to grow_light: on
[2025-07-13 21:51:40] [MQTT Handler] Inserted 31.2 for sensor: soilMoisture
[2025-07-13 21:51:48] [MQTT Handler] Inserted 24.9 for sensor: temperature
[2025-07-13 21:51:49] [MQTT Handler] Published command to heater: off
[2025-07-13 21:51:49] [MQTT Handler] Published command to fan: off
[2025-07-13 21:51:49] [MQTT Handler] Published command to fertilizer: off
[2025-07-13 21:51:49] [CoAP Controller] Command sent to fertilizer: off
[2025-07-13 21:51:49] [Control Logic] Soil moisture too low: 31.2
[2025-07-13 21:51:49] [MQTT Handler] Published command to irrigation: on
[2025-07-13 21:51:49] [Control Logic] Light too low: 39.0
[2025-07-13 21:51:49] [MQTT Handler] Published command to grow_light: on
[2025-07-13 21:51:56] [MQTT Handler] Inserted 6.71 for sensor: pH
[2025-07-13 21:51:59] [MQTT Handler] Published command to heater: off
[2025-07-13 21:51:59] [MQTT Handler] Published command to fan: off
[2025-07-13 21:51:59] [MQTT Handler] Published command to fertilizer: off
[2025-07-13 21:51:59] [CoAP Controller] Command sent to fertilizer: off
[2025-07-13 21:51:59] [Control Logic] Soil moisture too low: 31.2
[2025-07-13 21:51:59] [MQTT Handler] Published command to irrigation: on
[2025-07-13 21:51:59] [Control Logic] Light too low: 39.0
[2025-07-13 21:51:59] [MQTT Handler] Published command to grow_light: on
[2025-07-13 21:52:04] [MQTT Handler] Inserted 38.5 for sensor: light
[2025-07-13 21:52:06] [Smart Garden] Executing command: :get actuators
[2025-07-13 21:52:06] [Smart Garden] Current actuator states:
[2025-07-13 21:52:06]   - fertilizer: off
[2025-07-13 21:52:06]   - irrigation: on
[2025-07-13 21:52:07]   - grow_light: on
[2025-07-13 21:52:07]   - fan: off
[2025-07-13 21:52:07]   - heater: off
[2025-07-13 21:52:07] > 
[2025-07-13 21:52:09] [MQTT Handler] Published command to heater: off
[2025-07-13 21:52:09] [MQTT Handler] Published command to fan: off
[2025-07-13 21:52:09] [MQTT Handler] Published command to fertilizer: off
[2025-07-13 21:52:10] [CoAP Controller] Command sent to fertilizer: off
[2025-07-13 21:52:10] [Control Logic] Soil moisture too low: 31.2
[2025-07-13 21:52:10] [MQTT Handler] Published command to irrigation: on
[2025-07-13 21:52:10] [Control Logic] Light too low: 38.5
[2025-07-13 21:52:10] [MQTT Handler] Published command to grow_light: on
[2025-07-13 21:52:12] [MQTT Handler] Inserted 30.8 for sensor: soilMoisture
[2025-07-13 21:52:20] [MQTT Handler] Published command to heater: off
[2025-07-13 21:52:20] [MQTT Handler] Published command to fan: off
[2025-07-13 21:52:20] [MQTT Handler] Published command to fertilizer: off
[2025-07-13 21:52:20] [MQTT Handler] Inserted 24.8 for sensor: temperature
[2025-07-13 21:52:20] [CoAP Controller] Command sent to fertilizer: off
[2025-07-13 21:52:20] [Control Logic] Soil moisture too low: 30.8
[2025-07-13 21:52:20] [MQTT Handler] Published command to irrigation: on
[2025-07-13 21:52:20] [Control Logic] Light too low: 38.5
[2025-07-13 21:52:20] [MQTT Handler] Published command to grow_light: on
[2025-07-13 21:52:21] [Smart Garden] Invalid command. Type ':help' to see the list of available commands.
[2025-07-13 21:52:21] > 
[2025-07-13 21:52:28] [MQTT Handler] Inserted 6.72 for sensor: pH
[2025-07-13 21:52:30] [Smart Garden] Executing command: :trigger grow_light
[2025-07-13 21:52:30] [CoAP Controller] Command sent to grow_light: off
[2025-07-13 21:52:30] > 
[2025-07-13 21:52:30] [MQTT Handler] Published command to heater: off
[2025-07-13 21:52:30] [MQTT Handler] Published command to fan: off
[2025-07-13 21:52:30] [MQTT Handler] Published command to fertilizer: off
[2025-07-13 21:52:30] [CoAP Controller] Command sent to fertilizer: off
[2025-07-13 21:52:31] [Control Logic] Soil moisture too low: 30.8
[2025-07-13 21:52:31] [MQTT Handler] Published command to irrigation: on
[2025-07-13 21:52:31] [Control Logic] Light too low: 38.5
[2025-07-13 21:52:31] [MQTT Handler] Published command to grow_light: on
[2025-07-13 21:52:31] [CoAP Controller] Command sent to grow_light: on
[2025-07-13 21:52:36] [MQTT Handler] Inserted 38.0 for sensor: light
[2025-07-13 21:52:41] [MQTT Handler] Published command to heater: off
[2025-07-13 21:52:41] [MQTT Handler] Published command to fan: off
[2025-07-13 21:52:41] [MQTT Handler] Published command to fertilizer: off
[2025-07-13 21:52:41] [CoAP Controller] Command sent to fertilizer: off
[2025-07-13 21:52:41] [Control Logic] Soil moisture too low: 30.8
[2025-07-13 21:52:41] [MQTT Handler] Published command to irrigation: on
[2025-07-13 21:52:41] [Control Logic] Light too low: 38.0
[2025-07-13 21:52:41] [MQTT Handler] Published command to grow_light: on
[2025-07-13 21:52:44] [MQTT Handler] Inserted 30.4 for sensor: soilMoisture
[2025-07-13 21:52:51] [MQTT Handler] Published command to heater: off
[2025-07-13 21:52:51] [MQTT Handler] Published command to fan: off
[2025-07-13 21:52:51] [MQTT Handler] Published command to fertilizer: off
[2025-07-13 21:52:51] [CoAP Controller] Command sent to fertilizer: off
[2025-07-13 21:52:52] [Control Logic] Soil moisture too low: 30.4
[2025-07-13 21:52:52] [MQTT Handler] Published command to irrigation: on
[2025-07-13 21:52:52] [Control Logic] Light too low: 38.0
[2025-07-13 21:52:52] [MQTT Handler] Published command to grow_light: on
[2025-07-13 21:52:52] [MQTT Handler] Inserted 24.9 for sensor: temperature
[2025-07-13 21:53:00] [MQTT Handler] Inserted 6.72 for sensor: pH
[2025-07-13 21:53:02] [MQTT Handler] Published command to heater: off
[2025-07-13 21:53:02] [MQTT Handler] Published command to fan: off
[2025-07-13 21:53:02] [MQTT Handler] Published command to fertilizer: off
[2025-07-13 21:53:02] [CoAP Controller] Command sent to fertilizer: off
[2025-07-13 21:53:02] [Smart Garden] Invalid command. Type ':help' to see the list of available commands.
[2025-07-13 21:53:02] > 
[2025-07-13 21:53:02] [Control Logic] Soil moisture too low: 30.4
[2025-07-13 21:53:02] [MQTT Handler] Published command to irrigation: on
[2025-07-13 21:53:02] [Control Logic] Light too low: 38.0
[2025-07-13 21:53:02] [MQTT Handler] Published command to grow_light: on
[2025-07-13 21:53:06] [Smart Garden] Executing command: :get actuators
[2025-07-13 21:53:06] [Smart Garden] Current actuator states:
[2025-07-13 21:53:06]   - fertilizer: off
[2025-07-13 21:53:06]   - irrigation: on
[2025-07-13 21:53:06]   - grow_light: on
[2025-07-13 21:53:06]   - fan: off
[2025-07-13 21:53:06]   - heater: off
[2025-07-13 21:53:06] > 
[2025-07-13 21:53:08] [MQTT Handler] Inserted 37.5 for sensor: light
[2025-07-13 21:53:13] [MQTT Handler] Published command to heater: off
[2025-07-13 21:53:13] [MQTT Handler] Published command to fan: off
[2025-07-13 21:53:13] [MQTT Handler] Published command to fertilizer: off
[2025-07-13 21:53:13] [CoAP Controller] Command sent to fertilizer: off
[2025-07-13 21:53:13] [Control Logic] Soil moisture too low: 30.4
[2025-07-13 21:53:13] [MQTT Handler] Published command to irrigation: on
[2025-07-13 21:53:13] [Control Logic] Light too low: 37.5
[2025-07-13 21:53:13] [MQTT Handler] Published command to grow_light: on
[2025-07-13 21:53:16] [MQTT Handler] Inserted 30.0 for sensor: soilMoisture
[2025-07-13 21:53:23] [MQTT Handler] Published command to heater: off
[2025-07-13 21:53:23] [MQTT Handler] Published command to fan: off
[2025-07-13 21:53:23] [MQTT Handler] Published command to fertilizer: off
[2025-07-13 21:53:24] [CoAP Controller] Command sent to fertilizer: off
[2025-07-13 21:53:24] [Control Logic] Soil moisture too low: 30.0
[2025-07-13 21:53:24] [MQTT Handler] Published command to irrigation: on
[2025-07-13 21:53:24] [Control Logic] Light too low: 37.5
[2025-07-13 21:53:24] [MQTT Handler] Published command to grow_light: on
[2025-07-13 21:53:24] [MQTT Handler] Inserted 24.9 for sensor: temperature
[2025-07-13 21:53:32] [MQTT Handler] Inserted 6.71 for sensor: pH
[2025-07-13 21:53:34] [MQTT Handler] Published command to heater: off
[2025-07-13 21:53:34] [MQTT Handler] Published command to fan: off
[2025-07-13 21:53:34] [MQTT Handler] Published command to fertilizer: off
[2025-07-13 21:53:34] [CoAP Controller] Command sent to fertilizer: off
[2025-07-13 21:53:34] [Control Logic] Soil moisture too low: 30.0
[2025-07-13 21:53:34] [MQTT Handler] Published command to irrigation: on
[2025-07-13 21:53:34] [Control Logic] Light too low: 37.5
[2025-07-13 21:53:34] [MQTT Handler] Published command to grow_light: on
[2025-07-13 21:53:40] [MQTT Handler] Inserted 37.0 for sensor: light
[2025-07-13 21:53:44] [MQTT Handler] Published command to heater: off
[2025-07-13 21:53:44] [MQTT Handler] Published command to fan: off
[2025-07-13 21:53:44] [MQTT Handler] Published command to fertilizer: off
[2025-07-13 21:53:44] [CoAP Controller] Command sent to fertilizer: off
[2025-07-13 21:53:44] [Control Logic] Soil moisture too low: 30.0
[2025-07-13 21:53:44] [MQTT Handler] Published command to irrigation: on
[2025-07-13 21:53:44] [Control Logic] Light too low: 37.0
[2025-07-13 21:53:44] [MQTT Handler] Published command to grow_light: on
[2025-07-13 21:53:45] [Smart Garden] Executing command: :get actuators
[2025-07-13 21:53:45] [Smart Garden] Current actuator states:
[2025-07-13 21:53:45]   - fertilizer: off
[2025-07-13 21:53:45]   - irrigation: on
[2025-07-13 21:53:45]   - grow_light: on
[2025-07-13 21:53:45]   - fan: off
[2025-07-13 21:53:45]   - heater: off
[2025-07-13 21:53:45] > 
[2025-07-13 21:53:48] [MQTT Handler] Inserted 29.6 for sensor: soilMoisture
[2025-07-13 21:53:54] [Smart Garden] Executing command: :trigger grow_light
[2025-07-13 21:53:54] [CoAP Controller] Command sent to grow_light: on
[2025-07-13 21:53:54] > 
[2025-07-13 21:53:55] [MQTT Handler] Published command to heater: off
[2025-07-13 21:53:55] [MQTT Handler] Published command to fan: off
[2025-07-13 21:53:55] [MQTT Handler] Published command to fertilizer: off
[2025-07-13 21:53:55] [CoAP Controller] Command sent to fertilizer: off
[2025-07-13 21:53:55] [Control Logic] Soil moisture too low: 29.6
[2025-07-13 21:53:55] [MQTT Handler] Published command to irrigation: on
[2025-07-13 21:53:55] [Control Logic] Light too low: 37.0
[2025-07-13 21:53:55] [MQTT Handler] Published command to grow_light: on
[2025-07-13 21:53:56] [MQTT Handler] Inserted 24.8 for sensor: temperature
[2025-07-13 21:54:04] [MQTT Handler] Inserted 6.7 for sensor: pH
[2025-07-13 21:54:05] [MQTT Handler] Published command to heater: off
[2025-07-13 21:54:05] [MQTT Handler] Published command to fan: off
[2025-07-13 21:54:05] [MQTT Handler] Published command to fertilizer: off
[2025-07-13 21:54:05] [CoAP Controller] Command sent to fertilizer: off
[2025-07-13 21:54:05] [Control Logic] Soil moisture too low: 29.6
[2025-07-13 21:54:05] [MQTT Handler] Published command to irrigation: on
[2025-07-13 21:54:05] [Control Logic] Light too low: 37.0
[2025-07-13 21:54:05] [MQTT Handler] Published command to grow_light: on
[2025-07-13 21:54:12] [Smart Garden] Executing command: :get actuators
[2025-07-13 21:54:12] [Smart Garden] Current actuator states:
[2025-07-13 21:54:12]   - fertilizer: off
[2025-07-13 21:54:12]   - irrigation: on
[2025-07-13 21:54:12]   - grow_light: on
[2025-07-13 21:54:12]   - fan: off
[2025-07-13 21:54:12]   - heater: off
[2025-07-13 21:54:12] > 
[2025-07-13 21:54:12] [MQTT Handler] Inserted 36.5 for sensor: light
[2025-07-13 21:54:15] [MQTT Handler] Published command to heater: off
[2025-07-13 21:54:15] [MQTT Handler] Published command to fan: off
[2025-07-13 21:54:16] [MQTT Handler] Published command to fertilizer: off
[2025-07-13 21:54:16] [CoAP Controller] Command sent to fertilizer: off
[2025-07-13 21:54:16] [Control Logic] Soil moisture too low: 29.6
[2025-07-13 21:54:16] [MQTT Handler] Published command to irrigation: on
[2025-07-13 21:54:16] [Control Logic] Light too low: 36.5
[2025-07-13 21:54:16] [MQTT Handler] Published command to grow_light: on
[2025-07-13 21:54:20] [MQTT Handler] Inserted 29.2 for sensor: soilMoisture
[2025-07-13 21:54:21] [Smart Garden] Executing command: :trigger grow_light
[2025-07-13 21:54:21] [CoAP Controller] Command sent to grow_light: off
[2025-07-13 21:54:21] > 
[2025-07-13 21:54:26] [MQTT Handler] Published command to heater: off
[2025-07-13 21:54:26] [MQTT Handler] Published command to fan: off
[2025-07-13 21:54:26] [MQTT Handler] Published command to fertilizer: off
[2025-07-13 21:54:26] [CoAP Controller] Command sent to fertilizer: off
[2025-07-13 21:54:26] [Control Logic] Soil moisture too low: 29.2
[2025-07-13 21:54:26] [MQTT Handler] Published command to irrigation: on
[2025-07-13 21:54:26] [Control Logic] Light too low: 36.5
[2025-07-13 21:54:26] [MQTT Handler] Published command to grow_light: on
[2025-07-13 21:54:26] [CoAP Controller] Command sent to grow_light: on
[2025-07-13 21:54:28] [MQTT Handler] Inserted 24.8 for sensor: temperature
[2025-07-13 21:54:36] [MQTT Handler] Inserted 6.71 for sensor: pH
[2025-07-13 21:54:36] [MQTT Handler] Published command to heater: off
[2025-07-13 21:54:36] [MQTT Handler] Published command to fan: off
[2025-07-13 21:54:36] [MQTT Handler] Published command to fertilizer: off
[2025-07-13 21:54:37] [CoAP Controller] Command sent to fertilizer: off
[2025-07-13 21:54:37] [Control Logic] Soil moisture too low: 29.2
[2025-07-13 21:54:37] [MQTT Handler] Published command to irrigation: on
[2025-07-13 21:54:37] [Control Logic] Light too low: 36.5
[2025-07-13 21:54:37] [MQTT Handler] Published command to grow_light: on
[2025-07-13 21:54:44] [MQTT Handler] Inserted 36.0 for sensor: light
[2025-07-13 21:54:46] [Smart Garden] Executing command: :help
[2025-07-13 21:54:46] [Smart Garden] Available commands:
[2025-07-13 21:54:46] [Smart Garden] - :get status
[2025-07-13 21:54:46] [Smart Garden] - :get actuators
[2025-07-13 21:54:46] [Smart Garden] - :trigger irrigation
[2025-07-13 21:54:46] [Smart Garden] - :trigger grow_light
[2025-07-13 21:54:46] [Smart Garden] - :trigger fertilizer
[2025-07-13 21:54:46] [Smart Garden] - :trigger fan
[2025-07-13 21:54:46] [Smart Garden] - :trigger heater
[2025-07-13 21:54:46] [Smart Garden] - :get configuration
[2025-07-13 21:54:46] [Smart Garden] - :help
[2025-07-13 21:54:46] [Smart Garden] - :quit
[2025-07-13 21:54:46] > 
[2025-07-13 21:54:47] [MQTT Handler] Published command to heater: off
[2025-07-13 21:54:47] [MQTT Handler] Published command to fan: off
[2025-07-13 21:54:47] [MQTT Handler] Published command to fertilizer: off
[2025-07-13 21:54:47] [CoAP Controller] Command sent to fertilizer: off
[2025-07-13 21:54:47] [Control Logic] Soil moisture too low: 29.2
[2025-07-13 21:54:47] [MQTT Handler] Published command to irrigation: on
[2025-07-13 21:54:47] [Control Logic] Light too low: 36.0
[2025-07-13 21:54:47] [MQTT Handler] Published command to grow_light: on
[2025-07-13 21:54:52] [MQTT Handler] Inserted 28.8 for sensor: soilMoisture
[2025-07-13 21:54:53] [Smart Garden] Executing command: :trigger fertilizer
[2025-07-13 21:54:53] [Smart Garden] Select fertilizer mode:
[2025-07-13 21:54:53] [Smart Garden]   1 - sinc (acidic)
[2025-07-13 21:54:53] [Smart Garden]   2 - sdec (alkaline)
[2025-07-13 21:54:53] [Smart Garden]   3 - off
[2025-07-13 21:54:53] > 
[2025-07-13 21:54:57] [MQTT Handler] Published command to heater: off
[2025-07-13 21:54:57] [MQTT Handler] Published command to fan: off
[2025-07-13 21:54:57] [MQTT Handler] Published command to fertilizer: off
[2025-07-13 21:54:57] [CoAP Controller] Command sent to fertilizer: off
[2025-07-13 21:54:57] [Control Logic] Soil moisture too low: 28.8
[2025-07-13 21:54:57] [MQTT Handler] Published command to irrigation: on
[2025-07-13 21:54:58] [Control Logic] Light too low: 36.0
[2025-07-13 21:54:58] [MQTT Handler] Published command to grow_light: on
[2025-07-13 21:55:00] [MQTT Handler] Inserted 24.9 for sensor: temperature
[2025-07-13 21:55:08] [MQTT Handler] Published command to heater: off
[2025-07-13 21:55:08] [MQTT Handler] Published command to fan: off
[2025-07-13 21:55:08] [MQTT Handler] Published command to fertilizer: off
[2025-07-13 21:55:08] [31m[Smart Garden] Invalid fertilizer mode.[0m
[2025-07-13 21:55:08] > 
[2025-07-13 21:55:08] [CoAP Controller] Command sent to fertilizer: off
[2025-07-13 21:55:08] [Control Logic] Soil moisture too low: 28.8
[2025-07-13 21:55:08] [MQTT Handler] Published command to irrigation: on
[2025-07-13 21:55:08] [Control Logic] Light too low: 36.0
[2025-07-13 21:55:08] [MQTT Handler] Published command to grow_light: on
[2025-07-13 21:55:08] [MQTT Handler] Inserted 6.71 for sensor: pH
[2025-07-13 21:55:15] [Smart Garden] Invalid command. Type ':help' to see the list of available commands.
[2025-07-13 21:55:15] > 
[2025-07-13 21:55:16] [MQTT Handler] Inserted 35.5 for sensor: light
[2025-07-13 21:55:18] [MQTT Handler] Published command to heater: off
[2025-07-13 21:55:18] [MQTT Handler] Published command to fan: off
[2025-07-13 21:55:18] [MQTT Handler] Published command to fertilizer: off
[2025-07-13 21:55:18] [CoAP Controller] Command sent to fertilizer: off
[2025-07-13 21:55:18] [Control Logic] Soil moisture too low: 28.8
[2025-07-13 21:55:18] [MQTT Handler] Published command to irrigation: on
[2025-07-13 21:55:18] [Control Logic] Light too low: 35.5
[2025-07-13 21:55:18] [MQTT Handler] Published command to grow_light: on
[2025-07-13 21:55:22] [Smart Garden] Invalid command. Type ':help' to see the list of available commands.
[2025-07-13 21:55:22] > 
[2025-07-13 21:55:24] [MQTT Handler] Inserted 28.4 for sensor: soilMoisture
[2025-07-13 21:55:29] [MQTT Handler] Published command to heater: off
[2025-07-13 21:55:29] [MQTT Handler] Published command to fan: off
[2025-07-13 21:55:29] [MQTT Handler] Published command to fertilizer: off
[2025-07-13 21:55:29] [CoAP Controller] Command sent to fertilizer: off
[2025-07-13 21:55:29] [Control Logic] Soil moisture too low: 28.4
[2025-07-13 21:55:29] [MQTT Handler] Published command to irrigation: on
[2025-07-13 21:55:29] [Control Logic] Light too low: 35.5
[2025-07-13 21:55:29] [MQTT Handler] Published command to grow_light: on
[2025-07-13 21:55:32] [Smart Garden] Executing command: :trigger fertilizer
[2025-07-13 21:55:32] [Smart Garden] Select fertilizer mode:
[2025-07-13 21:55:32] [Smart Garden]   1 - sinc (acidic)
[2025-07-13 21:55:32] [Smart Garden]   2 - sdec (alkaline)
[2025-07-13 21:55:32] [Smart Garden]   3 - off
[2025-07-13 21:55:32] > 
[2025-07-13 21:55:32] [MQTT Handler] Inserted 24.9 for sensor: temperature
[2025-07-13 21:55:39] [MQTT Handler] Published command to heater: off
[2025-07-13 21:55:39] [MQTT Handler] Published command to fan: off
[2025-07-13 21:55:39] [MQTT Handler] Published command to fertilizer: off
[2025-07-13 21:55:39] [CoAP Controller] Command sent to fertilizer: off
[2025-07-13 21:55:39] [Control Logic] Soil moisture too low: 28.4
[2025-07-13 21:55:39] [MQTT Handler] Published command to irrigation: on
[2025-07-13 21:55:39] [Control Logic] Light too low: 35.5
[2025-07-13 21:55:39] [MQTT Handler] Published command to grow_light: on
[2025-07-13 21:55:40] [MQTT Handler] Inserted 6.7 for sensor: pH
[2025-07-13 21:55:42] [31m[Smart Garden] Invalid fertilizer mode.[0m
[2025-07-13 21:55:42] > 
[2025-07-13 21:55:47] [Smart Garden] Invalid command. Type ':help' to see the list of available commands.
[2025-07-13 21:55:47] > 
[2025-07-13 21:55:48] [MQTT Handler] Inserted 35.0 for sensor: light
[2025-07-13 21:55:49] [MQTT Handler] Published command to heater: off
[2025-07-13 21:55:49] [MQTT Handler] Published command to fan: off
[2025-07-13 21:55:49] [MQTT Handler] Published command to fertilizer: off
[2025-07-13 21:55:50] [CoAP Controller] Command sent to fertilizer: off
[2025-07-13 21:55:50] [Control Logic] Soil moisture too low: 28.4
[2025-07-13 21:55:50] [MQTT Handler] Published command to irrigation: on
[2025-07-13 21:55:50] [Control Logic] Light too low: 35.0
[2025-07-13 21:55:50] [MQTT Handler] Published command to grow_light: on
[2025-07-13 21:55:53] [Smart Garden] Invalid command. Type ':help' to see the list of available commands.
[2025-07-13 21:55:53] > 
[2025-07-13 21:55:56] [MQTT Handler] Inserted 28.0 for sensor: soilMoisture
[2025-07-13 21:56:00] [MQTT Handler] Published command to heater: off
[2025-07-13 21:56:00] [MQTT Handler] Published command to fan: off
[2025-07-13 21:56:00] [MQTT Handler] Published command to fertilizer: off
[2025-07-13 21:56:00] [CoAP Controller] Command sent to fertilizer: off
[2025-07-13 21:56:00] [Control Logic] Soil moisture too low: 28.0
[2025-07-13 21:56:00] [MQTT Handler] Published command to irrigation: on
[2025-07-13 21:56:00] [Control Logic] Light too low: 35.0
[2025-07-13 21:56:00] [MQTT Handler] Published command to grow_light: on
[2025-07-13 21:56:05] [MQTT Handler] Inserted 25.0 for sensor: temperature
[2025-07-13 21:56:11] [MQTT Handler] Published command to heater: off
[2025-07-13 21:56:11] [MQTT Handler] Published command to fan: off
[2025-07-13 21:56:11] [MQTT Handler] Published command to fertilizer: off
[2025-07-13 21:56:11] [CoAP Controller] Command sent to fertilizer: off
[2025-07-13 21:56:11] [Control Logic] Soil moisture too low: 28.0
[2025-07-13 21:56:11] [MQTT Handler] Published command to irrigation: on
[2025-07-13 21:56:11] [Control Logic] Light too low: 35.0
[2025-07-13 21:56:11] [MQTT Handler] Published command to grow_light: on
[2025-07-13 21:56:12] [MQTT Handler] Inserted 6.71 for sensor: pH
[2025-07-13 21:56:21] [MQTT Handler] Inserted 34.5 for sensor: light
[2025-07-13 21:56:21] [MQTT Handler] Published command to heater: off
[2025-07-13 21:56:21] [MQTT Handler] Published command to fan: off
[2025-07-13 21:56:21] [MQTT Handler] Published command to fertilizer: off
[2025-07-13 21:56:21] [CoAP Controller] Command sent to fertilizer: off
[2025-07-13 21:56:21] [Control Logic] Soil moisture too low: 28.0
[2025-07-13 21:56:21] [MQTT Handler] Published command to irrigation: on
[2025-07-13 21:56:21] [Control Logic] Light too low: 34.5
[2025-07-13 21:56:21] [MQTT Handler] Published command to grow_light: on
[2025-07-13 21:56:29] [MQTT Handler] Inserted 27.6 for sensor: soilMoisture
[2025-07-13 21:56:32] [MQTT Handler] Published command to heater: off
[2025-07-13 21:56:32] [MQTT Handler] Published command to fan: off
[2025-07-13 21:56:32] [MQTT Handler] Published command to fertilizer: off
[2025-07-13 21:56:32] [CoAP Controller] Command sent to fertilizer: off
[2025-07-13 21:56:32] [Control Logic] Soil moisture too low: 27.6
[2025-07-13 21:56:32] [MQTT Handler] Published command to irrigation: on
[2025-07-13 21:56:32] [Control Logic] Light too low: 34.5
[2025-07-13 21:56:32] [MQTT Handler] Published command to grow_light: on
[2025-07-13 21:56:37] [MQTT Handler] Inserted 25.1 for sensor: temperature
[2025-07-13 21:56:42] [MQTT Handler] Published command to heater: off
[2025-07-13 21:56:42] [MQTT Handler] Published command to fan: off
[2025-07-13 21:56:42] [MQTT Handler] Published command to fertilizer: off
[2025-07-13 21:56:43] [CoAP Controller] Command sent to fertilizer: off
[2025-07-13 21:56:43] [Control Logic] Soil moisture too low: 27.6
[2025-07-13 21:56:43] [MQTT Handler] Published command to irrigation: on
[2025-07-13 21:56:43] [Control Logic] Light too low: 34.5
[2025-07-13 21:56:43] [MQTT Handler] Published command to grow_light: on
[2025-07-13 21:56:44] [MQTT Handler] Inserted 6.7 for sensor: pH
[2025-07-13 21:56:53] [MQTT Handler] Inserted 34.0 for sensor: light
[2025-07-13 21:56:53] [MQTT Handler] Published command to heater: off
[2025-07-13 21:56:53] [MQTT Handler] Published command to fan: off
[2025-07-13 21:56:53] [MQTT Handler] Published command to fertilizer: off
[2025-07-13 21:56:53] [CoAP Controller] Command sent to fertilizer: off
[2025-07-13 21:56:53] [Control Logic] Soil moisture too low: 27.6
[2025-07-13 21:56:53] [MQTT Handler] Published command to irrigation: on
[2025-07-13 21:56:53] [Control Logic] Light too low: 34.0
[2025-07-13 21:56:53] [MQTT Handler] Published command to grow_light: on
[2025-07-13 21:56:59] [Smart Garden] Executing command: :help
[2025-07-13 21:56:59] [Smart Garden] Available commands:
[2025-07-13 21:56:59] [Smart Garden] - :get status
[2025-07-13 21:56:59] [Smart Garden] - :get actuators
[2025-07-13 21:56:59] [Smart Garden] - :trigger irrigation
[2025-07-13 21:56:59] [Smart Garden] - :trigger grow_light
[2025-07-13 21:56:59] [Smart Garden] - :trigger fertilizer
[2025-07-13 21:56:59] [Smart Garden] - :trigger fan
[2025-07-13 21:56:59] [Smart Garden] - :trigger heater
[2025-07-13 21:56:59] [Smart Garden] - :get configuration
[2025-07-13 21:56:59] [Smart Garden] - :help
[2025-07-13 21:56:59] [Smart Garden] - :quit
[2025-07-13 21:56:59] > 
[2025-07-13 21:57:01] [MQTT Handler] Inserted 27.2 for sensor: soilMoisture
[2025-07-13 21:57:04] [MQTT Handler] Published command to heater: off
[2025-07-13 21:57:04] [MQTT Handler] Published command to fan: off
[2025-07-13 21:57:04] [MQTT Handler] Published command to fertilizer: off
[2025-07-13 21:57:04] [CoAP Controller] Command sent to fertilizer: off
[2025-07-13 21:57:04] [Control Logic] Soil moisture too low: 27.2
[2025-07-13 21:57:04] [MQTT Handler] Published command to irrigation: on
[2025-07-13 21:57:04] [Control Logic] Light too low: 34.0
[2025-07-13 21:57:04] [MQTT Handler] Published command to grow_light: on
[2025-07-13 21:57:07] [Smart Garden] Executing command: :trigger fan
[2025-07-13 21:57:07] [CoAP Controller] Command sent to fan: on
[2025-07-13 21:57:07] > 
[2025-07-13 21:57:09] [MQTT Handler] Inserted 25.2 for sensor: temperature
[2025-07-13 21:57:14] [MQTT Handler] Published command to heater: off
[2025-07-13 21:57:14] [MQTT Handler] Published command to fan: off
[2025-07-13 21:57:14] [CoAP Controller] Command sent to fan: off
[2025-07-13 21:57:14] [MQTT Handler] Published command to fertilizer: off
[2025-07-13 21:57:14] [CoAP Controller] Command sent to fertilizer: off
[2025-07-13 21:57:14] [Control Logic] Soil moisture too low: 27.2
[2025-07-13 21:57:14] [MQTT Handler] Published command to irrigation: on
[2025-07-13 21:57:14] [Control Logic] Light too low: 34.0
[2025-07-13 21:57:14] [MQTT Handler] Published command to grow_light: on
[2025-07-13 21:57:17] [MQTT Handler] Inserted 6.71 for sensor: pH
[2025-07-13 21:57:18] [Smart Garden] Executing command: :get actuators
[2025-07-13 21:57:18] [Smart Garden] Current actuator states:
[2025-07-13 21:57:18]   - fertilizer: off
[2025-07-13 21:57:18]   - irrigation: on
[2025-07-13 21:57:18]   - grow_light: on
[2025-07-13 21:57:18]   - fan: off
[2025-07-13 21:57:18]   - heater: off
[2025-07-13 21:57:18] > 
[2025-07-13 21:57:24] [MQTT Handler] Published command to heater: off
[2025-07-13 21:57:24] [MQTT Handler] Published command to fan: off
[2025-07-13 21:57:24] [MQTT Handler] Published command to fertilizer: off
[2025-07-13 21:57:25] [CoAP Controller] Command sent to fertilizer: off
[2025-07-13 21:57:25] [MQTT Handler] Inserted 33.5 for sensor: light
[2025-07-13 21:57:25] [Control Logic] Soil moisture too low: 27.2
[2025-07-13 21:57:25] [MQTT Handler] Published command to irrigation: on
[2025-07-13 21:57:25] [Control Logic] Light too low: 33.5
[2025-07-13 21:57:25] [MQTT Handler] Published command to grow_light: on
[2025-07-13 21:57:33] [MQTT Handler] Inserted 26.8 for sensor: soilMoisture
[2025-07-13 21:57:35] [MQTT Handler] Published command to heater: off
[2025-07-13 21:57:35] [MQTT Handler] Published command to fan: off
[2025-07-13 21:57:35] [MQTT Handler] Published command to fertilizer: off
[2025-07-13 21:57:35] [CoAP Controller] Command sent to fertilizer: off
[2025-07-13 21:57:35] [Control Logic] Soil moisture too low: 26.8
[2025-07-13 21:57:35] [MQTT Handler] Published command to irrigation: on
[2025-07-13 21:57:35] [Control Logic] Light too low: 33.5
[2025-07-13 21:57:35] [MQTT Handler] Published command to grow_light: on
[2025-07-13 21:57:41] [MQTT Handler] Inserted 25.1 for sensor: temperature
[2025-07-13 21:57:45] [MQTT Handler] Published command to heater: off
[2025-07-13 21:57:45] [MQTT Handler] Published command to fan: off
[2025-07-13 21:57:45] [MQTT Handler] Published command to fertilizer: off
[2025-07-13 21:57:45] [CoAP Controller] Command sent to fertilizer: off
[2025-07-13 21:57:45] [Control Logic] Soil moisture too low: 26.8
[2025-07-13 21:57:45] [MQTT Handler] Published command to irrigation: on
[2025-07-13 21:57:45] [Control Logic] Light too low: 33.5
[2025-07-13 21:57:45] [MQTT Handler] Published command to grow_light: on
[2025-07-13 21:57:48] [Smart Garden] Executing command: :trigger fan
[2025-07-13 21:57:48] [CoAP Controller] Command sent to fan: off
[2025-07-13 21:57:48] > 
[2025-07-13 21:57:49] [MQTT Handler] Inserted 6.72 for sensor: pH
[2025-07-13 21:57:56] [MQTT Handler] Published command to heater: off
[2025-07-13 21:57:56] [MQTT Handler] Published command to fan: off
[2025-07-13 21:57:56] [MQTT Handler] Published command to fertilizer: off
[2025-07-13 21:57:56] [CoAP Controller] Command sent to fertilizer: off
[2025-07-13 21:57:56] [Control Logic] Soil moisture too low: 26.8
[2025-07-13 21:57:56] [MQTT Handler] Published command to irrigation: on
[2025-07-13 21:57:56] [Control Logic] Light too low: 33.5
[2025-07-13 21:57:56] [MQTT Handler] Published command to grow_light: on
[2025-07-13 21:57:57] [MQTT Handler] Inserted 33.0 for sensor: light
[2025-07-13 21:58:05] [MQTT Handler] Inserted 26.4 for sensor: soilMoisture
[2025-07-13 21:58:06] [MQTT Handler] Published command to heater: off
[2025-07-13 21:58:06] [MQTT Handler] Published command to fan: off
[2025-07-13 21:58:06] [MQTT Handler] Published command to fertilizer: off
[2025-07-13 21:58:06] [CoAP Controller] Command sent to fertilizer: off
[2025-07-13 21:58:06] [Control Logic] Soil moisture too low: 26.4
[2025-07-13 21:58:06] [MQTT Handler] Published command to irrigation: on
[2025-07-13 21:58:06] [Control Logic] Light too low: 33.0
[2025-07-13 21:58:06] [MQTT Handler] Published command to grow_light: on
[2025-07-13 21:58:07] [Smart Garden] Executing command: :trigger heater
[2025-07-13 21:58:07] [CoAP Controller] Command sent to heater: on
[2025-07-13 21:58:07] > 
[2025-07-13 21:58:13] [MQTT Handler] Inserted 25.1 for sensor: temperature
[2025-07-13 21:58:17] [MQTT Handler] Published command to heater: off
[2025-07-13 21:58:17] [MQTT Handler] Published command to fan: off
[2025-07-13 21:58:17] [CoAP Controller] Command sent to heater: off
[2025-07-13 21:58:17] [MQTT Handler] Published command to fertilizer: off
[2025-07-13 21:58:17] [CoAP Controller] Command sent to fertilizer: off
[2025-07-13 21:58:17] [Control Logic] Soil moisture too low: 26.4
[2025-07-13 21:58:17] [MQTT Handler] Published command to irrigation: on
[2025-07-13 21:58:17] [Control Logic] Light too low: 33.0
[2025-07-13 21:58:17] [MQTT Handler] Published command to grow_light: on
[2025-07-13 21:58:18] [Smart Garden] Executing command: :trigger heater
[2025-07-13 21:58:18] [CoAP Controller] Command sent to heater: off
[2025-07-13 21:58:18] > 
[2025-07-13 21:58:21] [MQTT Handler] Inserted 6.71 for sensor: pH
[2025-07-13 21:58:27] [MQTT Handler] Published command to heater: off
[2025-07-13 21:58:27] [MQTT Handler] Published command to fan: off
[2025-07-13 21:58:27] [MQTT Handler] Published command to fertilizer: off
[2025-07-13 21:58:27] [CoAP Controller] Command sent to fertilizer: off
[2025-07-13 21:58:27] [Control Logic] Soil moisture too low: 26.4
[2025-07-13 21:58:27] [MQTT Handler] Published command to irrigation: on
[2025-07-13 21:58:27] [Control Logic] Light too low: 33.0
[2025-07-13 21:58:27] [MQTT Handler] Published command to grow_light: on
[2025-07-13 21:58:29] [MQTT Handler] Inserted 32.5 for sensor: light
[2025-07-13 21:58:31] [Smart Garden] Executing command: :get actuators
[2025-07-13 21:58:31] [Smart Garden] Current actuator states:
[2025-07-13 21:58:31]   - fertilizer: off
[2025-07-13 21:58:31]   - irrigation: on
[2025-07-13 21:58:31]   - grow_light: on
[2025-07-13 21:58:31]   - fan: off
[2025-07-13 21:58:31]   - heater: off
[2025-07-13 21:58:31] > 
[2025-07-13 21:58:37] [MQTT Handler] Inserted 26.0 for sensor: soilMoisture
[2025-07-13 21:58:38] [MQTT Handler] Published command to heater: off
[2025-07-13 21:58:38] [MQTT Handler] Published command to fan: off
[2025-07-13 21:58:38] [MQTT Handler] Published command to fertilizer: off
[2025-07-13 21:58:38] [CoAP Controller] Command sent to fertilizer: off
[2025-07-13 21:58:38] [Control Logic] Soil moisture too low: 26.0
[2025-07-13 21:58:38] [MQTT Handler] Published command to irrigation: on
[2025-07-13 21:58:38] [Control Logic] Light too low: 32.5
[2025-07-13 21:58:38] [MQTT Handler] Published command to grow_light: on
[2025-07-13 21:58:40] [Smart Garden] Executing command: :get configuration
[2025-07-13 21:58:40] Configuration {
  sensors=[temperature → temperature, pH → pH, light → light, soilMoisture → soilMoisture],
  actuators=[fertilizer, irrigation, grow_light, fan, heater]
}
[2025-07-13 21:58:40] > 
[2025-07-13 21:58:45] [MQTT Handler] Inserted 25.0 for sensor: temperature
[2025-07-13 21:58:48] [MQTT Handler] Published command to heater: off
[2025-07-13 21:58:48] [MQTT Handler] Published command to fan: off
[2025-07-13 21:58:48] [MQTT Handler] Published command to fertilizer: off
[2025-07-13 21:58:48] [CoAP Controller] Command sent to fertilizer: off
[2025-07-13 21:58:48] [Control Logic] Soil moisture too low: 26.0
[2025-07-13 21:58:48] [MQTT Handler] Published command to irrigation: on
[2025-07-13 21:58:48] [Control Logic] Light too low: 32.5
[2025-07-13 21:58:48] [MQTT Handler] Published command to grow_light: on
[2025-07-13 21:58:51] [Smart Garden] Executing command: :quit
[2025-07-13 21:58:51] [Smart Garden] Shutting down...
[2025-07-13 21:58:53] [MQTT Handler] Inserted 6.71 for sensor: pH
[2025-07-13 21:58:58] [MQTT Handler] Published command to heater: off
[2025-07-13 21:58:58] [MQTT Handler] Published command to fan: off
[2025-07-13 21:58:58] [MQTT Handler] Published command to fertilizer: off
[2025-07-13 21:58:58] [CoAP Controller] Command sent to fertilizer: off
[2025-07-13 21:58:58] [Control Logic] Soil moisture too low: 26.0
[2025-07-13 21:58:59] [MQTT Handler] Published command to irrigation: on
[2025-07-13 21:58:59] [Control Logic] Light too low: 32.5
[2025-07-13 21:58:59] [MQTT Handler] Published command to grow_light: on
[2025-07-13 21:58:59] [Control Logic] Thread stopped.
[2025-07-13 21:58:59] [MQTT Handler] Disconnecting...
[2025-07-13 21:58:59] [CoAP Controller] CoAP server shut down.
